{"meta": {"format": 3, "version": "7.12.0", "timestamp": "2025-12-02T22:08:53.697172", "branch_coverage": false, "show_contexts": false}, "files": {"src\\lexile_corpus_tuner\\__init__.py": {"executed_lines": [1, 5, 7, 8, 9, 11, 22], "summary": {"covered_lines": 6, "num_statements": 6, "percent_covered": 100.0, "percent_covered_display": "100", "missing_lines": 0, "excluded_lines": 0, "percent_statements_covered": 100.0, "percent_statements_covered_display": "100"}, "missing_lines": [], "excluded_lines": [], "functions": {"": {"executed_lines": [1, 5, 7, 8, 9, 11, 22], "summary": {"covered_lines": 6, "num_statements": 6, "percent_covered": 100.0, "percent_covered_display": "100", "missing_lines": 0, "excluded_lines": 0, "percent_statements_covered": 100.0, "percent_statements_covered_display": "100"}, "missing_lines": [], "excluded_lines": []}}, "classes": {"": {"executed_lines": [1, 5, 7, 8, 9, 11, 22], "summary": {"covered_lines": 6, "num_statements": 6, "percent_covered": 100.0, "percent_covered_display": "100", "missing_lines": 0, "excluded_lines": 0, "percent_statements_covered": 100.0, "percent_statements_covered_display": "100"}, "missing_lines": [], "excluded_lines": []}}}, "src\\lexile_corpus_tuner\\analyzer\\__init__.py": {"executed_lines": [1], "summary": {"covered_lines": 0, "num_statements": 0, "percent_covered": 100.0, "percent_covered_display": "100", "missing_lines": 0, "excluded_lines": 0, "percent_statements_covered": 100.0, "percent_statements_covered_display": "100"}, "missing_lines": [], "excluded_lines": [], "functions": {"": {"executed_lines": [1], "summary": {"covered_lines": 0, "num_statements": 0, "percent_covered": 100.0, "percent_covered_display": "100", "missing_lines": 0, "excluded_lines": 0, "percent_statements_covered": 100.0, "percent_statements_covered_display": "100"}, "missing_lines": [], "excluded_lines": []}}, "classes": {"": {"executed_lines": [1], "summary": {"covered_lines": 0, "num_statements": 0, "percent_covered": 100.0, "percent_covered_display": "100", "missing_lines": 0, "excluded_lines": 0, "percent_statements_covered": 100.0, "percent_statements_covered_display": "100"}, "missing_lines": [], "excluded_lines": []}}}, "src\\lexile_corpus_tuner\\analyzer\\adjustments.py": {"executed_lines": [1, 4], "summary": {"covered_lines": 2, "num_statements": 8, "percent_covered": 25.0, "percent_covered_display": "25", "missing_lines": 6, "excluded_lines": 0, "percent_statements_covered": 25.0, "percent_statements_covered_display": "25"}, "missing_lines": [11, 12, 13, 14, 15, 16], "excluded_lines": [], "functions": {"adjust_for_special_cases": {"executed_lines": [], "summary": {"covered_lines": 0, "num_statements": 6, "percent_covered": 0.0, "percent_covered_display": "0", "missing_lines": 6, "excluded_lines": 0, "percent_statements_covered": 0.0, "percent_statements_covered_display": "0"}, "missing_lines": [11, 12, 13, 14, 15, 16], "excluded_lines": []}, "": {"executed_lines": [1, 4], "summary": {"covered_lines": 2, "num_statements": 2, "percent_covered": 100.0, "percent_covered_display": "100", "missing_lines": 0, "excluded_lines": 0, "percent_statements_covered": 100.0, "percent_statements_covered_display": "100"}, "missing_lines": [], "excluded_lines": []}}, "classes": {"": {"executed_lines": [1, 4], "summary": {"covered_lines": 2, "num_statements": 8, "percent_covered": 25.0, "percent_covered_display": "25", "missing_lines": 6, "excluded_lines": 0, "percent_statements_covered": 25.0, "percent_statements_covered_display": "25"}, "missing_lines": [11, 12, 13, 14, 15, 16], "excluded_lines": []}}}, "src\\lexile_corpus_tuner\\analyzer\\cli.py": {"executed_lines": [1, 3, 4, 6, 8, 9, 10, 11, 14, 15, 19, 20, 21, 22, 28, 34], "summary": {"covered_lines": 16, "num_statements": 35, "percent_covered": 45.714285714285715, "percent_covered_display": "46", "missing_lines": 19, "excluded_lines": 0, "percent_statements_covered": 45.714285714285715, "percent_statements_covered_display": "46"}, "missing_lines": [41, 42, 43, 44, 45, 46, 52, 53, 54, 55, 56, 57, 58, 60, 61, 82, 83, 84, 85], "excluded_lines": [], "functions": {"analyze_group": {"executed_lines": [], "summary": {"covered_lines": 0, "num_statements": 0, "percent_covered": 100.0, "percent_covered_display": "100", "missing_lines": 0, "excluded_lines": 0, "percent_statements_covered": 100.0, "percent_statements_covered_display": "100"}, "missing_lines": [], "excluded_lines": []}, "analyze_text": {"executed_lines": [], "summary": {"covered_lines": 0, "num_statements": 19, "percent_covered": 0.0, "percent_covered_display": "0", "missing_lines": 19, "excluded_lines": 0, "percent_statements_covered": 0.0, "percent_statements_covered_display": "0"}, "missing_lines": [41, 42, 43, 44, 45, 46, 52, 53, 54, 55, 56, 57, 58, 60, 61, 82, 83, 84, 85], "excluded_lines": []}, "": {"executed_lines": [1, 3, 4, 6, 8, 9, 10, 11, 14, 15, 19, 20, 21, 22, 28, 34], "summary": {"covered_lines": 16, "num_statements": 16, "percent_covered": 100.0, "percent_covered_display": "100", "missing_lines": 0, "excluded_lines": 0, "percent_statements_covered": 100.0, "percent_statements_covered_display": "100"}, "missing_lines": [], "excluded_lines": []}}, "classes": {"": {"executed_lines": [1, 3, 4, 6, 8, 9, 10, 11, 14, 15, 19, 20, 21, 22, 28, 34], "summary": {"covered_lines": 16, "num_statements": 35, "percent_covered": 45.714285714285715, "percent_covered_display": "46", "missing_lines": 19, "excluded_lines": 0, "percent_statements_covered": 45.714285714285715, "percent_statements_covered_display": "46"}, "missing_lines": [41, 42, 43, 44, 45, 46, 52, 53, 54, 55, 56, 57, 58, 60, 61, 82, 83, 84, 85], "excluded_lines": []}}}, "src\\lexile_corpus_tuner\\analyzer\\features.py": {"executed_lines": [1, 3, 4, 5, 7, 9, 13, 14, 15, 16, 17, 18, 19, 22, 23, 24, 25, 26, 27, 28, 31, 97], "summary": {"covered_lines": 21, "num_statements": 52, "percent_covered": 40.38461538461539, "percent_covered_display": "40", "missing_lines": 31, "excluded_lines": 2, "percent_statements_covered": 40.38461538461539, "percent_statements_covered_display": "40"}, "missing_lines": [33, 34, 36, 37, 38, 39, 41, 42, 43, 44, 46, 47, 48, 49, 51, 53, 54, 55, 56, 57, 63, 73, 76, 78, 79, 82, 88, 98, 99, 100, 101], "excluded_lines": [9, 10], "functions": {"compute_document_features": {"executed_lines": [], "summary": {"covered_lines": 0, "num_statements": 27, "percent_covered": 0.0, "percent_covered_display": "0", "missing_lines": 27, "excluded_lines": 0, "percent_statements_covered": 0.0, "percent_statements_covered_display": "0"}, "missing_lines": [33, 34, 36, 37, 38, 39, 41, 42, 43, 44, 46, 47, 48, 49, 51, 53, 54, 55, 56, 57, 63, 73, 76, 78, 79, 82, 88], "excluded_lines": []}, "_compute_unseen_floor": {"executed_lines": [], "summary": {"covered_lines": 0, "num_statements": 4, "percent_covered": 0.0, "percent_covered_display": "0", "missing_lines": 4, "excluded_lines": 0, "percent_statements_covered": 0.0, "percent_statements_covered_display": "0"}, "missing_lines": [98, 99, 100, 101], "excluded_lines": []}, "": {"executed_lines": [1, 3, 4, 5, 7, 9, 13, 14, 15, 16, 17, 18, 19, 22, 23, 24, 25, 26, 27, 28, 31, 97], "summary": {"covered_lines": 21, "num_statements": 21, "percent_covered": 100.0, "percent_covered_display": "100", "missing_lines": 0, "excluded_lines": 2, "percent_statements_covered": 100.0, "percent_statements_covered_display": "100"}, "missing_lines": [], "excluded_lines": [9, 10]}}, "classes": {"SliceFeatures": {"executed_lines": [], "summary": {"covered_lines": 0, "num_statements": 0, "percent_covered": 100.0, "percent_covered_display": "100", "missing_lines": 0, "excluded_lines": 0, "percent_statements_covered": 100.0, "percent_statements_covered_display": "100"}, "missing_lines": [], "excluded_lines": []}, "DocumentFeatures": {"executed_lines": [], "summary": {"covered_lines": 0, "num_statements": 0, "percent_covered": 100.0, "percent_covered_display": "100", "missing_lines": 0, "excluded_lines": 0, "percent_statements_covered": 100.0, "percent_statements_covered_display": "100"}, "missing_lines": [], "excluded_lines": []}, "": {"executed_lines": [1, 3, 4, 5, 7, 9, 13, 14, 15, 16, 17, 18, 19, 22, 23, 24, 25, 26, 27, 28, 31, 97], "summary": {"covered_lines": 21, "num_statements": 52, "percent_covered": 40.38461538461539, "percent_covered_display": "40", "missing_lines": 31, "excluded_lines": 2, "percent_statements_covered": 40.38461538461539, "percent_statements_covered_display": "40"}, "missing_lines": [33, 34, 36, 37, 38, 39, 41, 42, 43, 44, 46, 47, 48, 49, 51, 53, 54, 55, 56, 57, 63, 73, 76, 78, 79, 82, 88, 98, 99, 100, 101], "excluded_lines": [9, 10]}}}, "src\\lexile_corpus_tuner\\analyzer\\model.py": {"executed_lines": [1, 3, 4, 5, 7, 8, 10, 13, 16, 17, 26], "summary": {"covered_lines": 10, "num_statements": 25, "percent_covered": 40.0, "percent_covered_display": "40", "missing_lines": 15, "excluded_lines": 2, "percent_statements_covered": 40.0, "percent_statements_covered_display": "40"}, "missing_lines": [18, 19, 23, 28, 29, 31, 32, 33, 35, 36, 38, 39, 40, 41, 42], "excluded_lines": [10, 11], "functions": {"_load_model": {"executed_lines": [], "summary": {"covered_lines": 0, "num_statements": 3, "percent_covered": 0.0, "percent_covered_display": "0", "missing_lines": 3, "excluded_lines": 0, "percent_statements_covered": 0.0, "percent_statements_covered_display": "0"}, "missing_lines": [18, 19, 23], "excluded_lines": []}, "estimate_lexile_from_features": {"executed_lines": [], "summary": {"covered_lines": 0, "num_statements": 12, "percent_covered": 0.0, "percent_covered_display": "0", "missing_lines": 12, "excluded_lines": 0, "percent_statements_covered": 0.0, "percent_statements_covered_display": "0"}, "missing_lines": [28, 29, 31, 32, 33, 35, 36, 38, 39, 40, 41, 42], "excluded_lines": []}, "": {"executed_lines": [1, 3, 4, 5, 7, 8, 10, 13, 16, 17, 26], "summary": {"covered_lines": 10, "num_statements": 10, "percent_covered": 100.0, "percent_covered_display": "100", "missing_lines": 0, "excluded_lines": 2, "percent_statements_covered": 100.0, "percent_statements_covered_display": "100"}, "missing_lines": [], "excluded_lines": [10, 11]}}, "classes": {"": {"executed_lines": [1, 3, 4, 5, 7, 8, 10, 13, 16, 17, 26], "summary": {"covered_lines": 10, "num_statements": 25, "percent_covered": 40.0, "percent_covered_display": "40", "missing_lines": 15, "excluded_lines": 2, "percent_statements_covered": 40.0, "percent_statements_covered_display": "40"}, "missing_lines": [18, 19, 23, 28, 29, 31, 32, 33, 35, 36, 38, 39, 40, 41, 42], "excluded_lines": [10, 11]}}}, "src\\lexile_corpus_tuner\\analyzer\\slices.py": {"executed_lines": [1, 3, 4, 6, 8, 11, 12, 13, 14, 15, 16, 19, 43], "summary": {"covered_lines": 13, "num_statements": 59, "percent_covered": 22.033898305084747, "percent_covered_display": "22", "missing_lines": 46, "excluded_lines": 0, "percent_statements_covered": 22.033898305084747, "percent_statements_covered_display": "22"}, "missing_lines": [21, 22, 23, 24, 25, 27, 28, 29, 30, 31, 32, 33, 34, 35, 37, 38, 39, 40, 45, 46, 47, 49, 50, 51, 52, 53, 55, 56, 57, 58, 60, 61, 62, 64, 65, 73, 74, 75, 76, 78, 79, 88, 89, 90, 91, 100], "excluded_lines": [], "functions": {"split_into_sentences": {"executed_lines": [], "summary": {"covered_lines": 0, "num_statements": 18, "percent_covered": 0.0, "percent_covered_display": "0", "missing_lines": 18, "excluded_lines": 0, "percent_statements_covered": 0.0, "percent_statements_covered_display": "0"}, "missing_lines": [21, 22, 23, 24, 25, 27, 28, 29, 30, 31, 32, 33, 34, 35, 37, 38, 39, 40], "excluded_lines": []}, "build_slices": {"executed_lines": [], "summary": {"covered_lines": 0, "num_statements": 28, "percent_covered": 0.0, "percent_covered_display": "0", "missing_lines": 28, "excluded_lines": 0, "percent_statements_covered": 0.0, "percent_statements_covered_display": "0"}, "missing_lines": [45, 46, 47, 49, 50, 51, 52, 53, 55, 56, 57, 58, 60, 61, 62, 64, 65, 73, 74, 75, 76, 78, 79, 88, 89, 90, 91, 100], "excluded_lines": []}, "": {"executed_lines": [1, 3, 4, 6, 8, 11, 12, 13, 14, 15, 16, 19, 43], "summary": {"covered_lines": 13, "num_statements": 13, "percent_covered": 100.0, "percent_covered_display": "100", "missing_lines": 0, "excluded_lines": 0, "percent_statements_covered": 100.0, "percent_statements_covered_display": "100"}, "missing_lines": [], "excluded_lines": []}}, "classes": {"Slice": {"executed_lines": [], "summary": {"covered_lines": 0, "num_statements": 0, "percent_covered": 100.0, "percent_covered_display": "100", "missing_lines": 0, "excluded_lines": 0, "percent_statements_covered": 100.0, "percent_statements_covered_display": "100"}, "missing_lines": [], "excluded_lines": []}, "": {"executed_lines": [1, 3, 4, 6, 8, 11, 12, 13, 14, 15, 16, 19, 43], "summary": {"covered_lines": 13, "num_statements": 59, "percent_covered": 22.033898305084747, "percent_covered_display": "22", "missing_lines": 46, "excluded_lines": 0, "percent_statements_covered": 22.033898305084747, "percent_statements_covered_display": "22"}, "missing_lines": [21, 22, 23, 24, 25, 27, 28, 29, 30, 31, 32, 33, 34, 35, 37, 38, 39, 40, 45, 46, 47, 49, 50, 51, 52, 53, 55, 56, 57, 58, 60, 61, 62, 64, 65, 73, 74, 75, 76, 78, 79, 88, 89, 90, 91, 100], "excluded_lines": []}}}, "src\\lexile_corpus_tuner\\calibration\\__init__.py": {"executed_lines": [1], "summary": {"covered_lines": 0, "num_statements": 0, "percent_covered": 100.0, "percent_covered_display": "100", "missing_lines": 0, "excluded_lines": 0, "percent_statements_covered": 100.0, "percent_statements_covered_display": "100"}, "missing_lines": [], "excluded_lines": [], "functions": {"": {"executed_lines": [1], "summary": {"covered_lines": 0, "num_statements": 0, "percent_covered": 100.0, "percent_covered_display": "100", "missing_lines": 0, "excluded_lines": 0, "percent_statements_covered": 100.0, "percent_statements_covered_display": "100"}, "missing_lines": [], "excluded_lines": []}}, "classes": {"": {"executed_lines": [1], "summary": {"covered_lines": 0, "num_statements": 0, "percent_covered": 100.0, "percent_covered_display": "100", "missing_lines": 0, "excluded_lines": 0, "percent_statements_covered": 100.0, "percent_statements_covered_display": "100"}, "missing_lines": [], "excluded_lines": []}}}, "src\\lexile_corpus_tuner\\calibration\\cli.py": {"executed_lines": [1, 3, 4, 5, 6, 8, 9, 10, 11, 13, 14, 15, 17, 18, 19, 21, 24, 25, 29, 30, 31, 32, 85, 86, 87, 88, 89, 90, 160, 161, 162, 168, 191, 197, 219, 231, 237], "summary": {"covered_lines": 37, "num_statements": 165, "percent_covered": 22.424242424242426, "percent_covered_display": "22", "missing_lines": 128, "excluded_lines": 0, "percent_statements_covered": 22.424242424242426, "percent_statements_covered_display": "22"}, "missing_lines": [34, 35, 36, 38, 39, 40, 41, 43, 44, 45, 46, 47, 48, 49, 50, 52, 53, 55, 56, 57, 61, 62, 63, 64, 65, 66, 67, 69, 73, 74, 75, 76, 77, 79, 97, 98, 99, 100, 102, 103, 104, 105, 106, 107, 108, 109, 110, 111, 112, 113, 115, 116, 117, 121, 123, 124, 125, 126, 128, 136, 137, 138, 139, 140, 141, 143, 144, 146, 147, 148, 149, 150, 152, 154, 170, 171, 172, 173, 178, 182, 183, 184, 192, 193, 194, 198, 199, 204, 205, 206, 207, 208, 209, 210, 211, 212, 213, 214, 215, 216, 220, 221, 222, 223, 224, 225, 226, 227, 228, 232, 233, 234, 238, 239, 240, 241, 242, 243, 244, 245, 246, 247, 248, 249, 250, 251, 252, 253], "excluded_lines": [], "functions": {"calibration_group": {"executed_lines": [], "summary": {"covered_lines": 0, "num_statements": 0, "percent_covered": 100.0, "percent_covered_display": "100", "missing_lines": 0, "excluded_lines": 0, "percent_statements_covered": 100.0, "percent_statements_covered_display": "100"}, "missing_lines": [], "excluded_lines": []}, "fetch_texts": {"executed_lines": [], "summary": {"covered_lines": 0, "num_statements": 34, "percent_covered": 0.0, "percent_covered_display": "0", "missing_lines": 34, "excluded_lines": 0, "percent_statements_covered": 0.0, "percent_statements_covered_display": "0"}, "missing_lines": [34, 35, 36, 38, 39, 40, 41, 43, 44, 45, 46, 47, 48, 49, 50, 52, 53, 55, 56, 57, 61, 62, 63, 64, 65, 66, 67, 69, 73, 74, 75, 76, 77, 79], "excluded_lines": []}, "build_dataset": {"executed_lines": [], "summary": {"covered_lines": 0, "num_statements": 40, "percent_covered": 0.0, "percent_covered_display": "0", "missing_lines": 40, "excluded_lines": 0, "percent_statements_covered": 0.0, "percent_statements_covered_display": "0"}, "missing_lines": [97, 98, 99, 100, 102, 103, 104, 105, 106, 107, 108, 109, 110, 111, 112, 113, 115, 116, 117, 121, 123, 124, 125, 126, 128, 136, 137, 138, 139, 140, 141, 143, 144, 146, 147, 148, 149, 150, 152, 154], "excluded_lines": []}, "fit": {"executed_lines": [], "summary": {"covered_lines": 0, "num_statements": 8, "percent_covered": 0.0, "percent_covered_display": "0", "missing_lines": 8, "excluded_lines": 0, "percent_statements_covered": 0.0, "percent_statements_covered_display": "0"}, "missing_lines": [170, 171, 172, 173, 178, 182, 183, 184], "excluded_lines": []}, "_read_catalog": {"executed_lines": [], "summary": {"covered_lines": 0, "num_statements": 3, "percent_covered": 0.0, "percent_covered_display": "0", "missing_lines": 3, "excluded_lines": 0, "percent_statements_covered": 0.0, "percent_statements_covered_display": "0"}, "missing_lines": [192, 193, 194], "excluded_lines": []}, "_fetch_gutenberg_text": {"executed_lines": [], "summary": {"covered_lines": 0, "num_statements": 15, "percent_covered": 0.0, "percent_covered_display": "0", "missing_lines": 15, "excluded_lines": 0, "percent_statements_covered": 0.0, "percent_statements_covered_display": "0"}, "missing_lines": [198, 199, 204, 205, 206, 207, 208, 209, 210, 211, 212, 213, 214, 215, 216], "excluded_lines": []}, "_fetch_http_text": {"executed_lines": [], "summary": {"covered_lines": 0, "num_statements": 9, "percent_covered": 0.0, "percent_covered_display": "0", "missing_lines": 9, "excluded_lines": 0, "percent_statements_covered": 0.0, "percent_statements_covered_display": "0"}, "missing_lines": [220, 221, 222, 223, 224, 225, 226, 227, 228], "excluded_lines": []}, "_strip_html": {"executed_lines": [], "summary": {"covered_lines": 0, "num_statements": 3, "percent_covered": 0.0, "percent_covered_display": "0", "missing_lines": 3, "excluded_lines": 0, "percent_statements_covered": 0.0, "percent_statements_covered_display": "0"}, "missing_lines": [232, 233, 234], "excluded_lines": []}, "_parse_lexile_value": {"executed_lines": [], "summary": {"covered_lines": 0, "num_statements": 16, "percent_covered": 0.0, "percent_covered_display": "0", "missing_lines": 16, "excluded_lines": 0, "percent_statements_covered": 0.0, "percent_statements_covered_display": "0"}, "missing_lines": [238, 239, 240, 241, 242, 243, 244, 245, 246, 247, 248, 249, 250, 251, 252, 253], "excluded_lines": []}, "": {"executed_lines": [1, 3, 4, 5, 6, 8, 9, 10, 11, 13, 14, 15, 17, 18, 19, 21, 24, 25, 29, 30, 31, 32, 85, 86, 87, 88, 89, 90, 160, 161, 162, 168, 191, 197, 219, 231, 237], "summary": {"covered_lines": 37, "num_statements": 37, "percent_covered": 100.0, "percent_covered_display": "100", "missing_lines": 0, "excluded_lines": 0, "percent_statements_covered": 100.0, "percent_statements_covered_display": "100"}, "missing_lines": [], "excluded_lines": []}}, "classes": {"": {"executed_lines": [1, 3, 4, 5, 6, 8, 9, 10, 11, 13, 14, 15, 17, 18, 19, 21, 24, 25, 29, 30, 31, 32, 85, 86, 87, 88, 89, 90, 160, 161, 162, 168, 191, 197, 219, 231, 237], "summary": {"covered_lines": 37, "num_statements": 165, "percent_covered": 22.424242424242426, "percent_covered_display": "22", "missing_lines": 128, "excluded_lines": 0, "percent_statements_covered": 22.424242424242426, "percent_statements_covered_display": "22"}, "missing_lines": [34, 35, 36, 38, 39, 40, 41, 43, 44, 45, 46, 47, 48, 49, 50, 52, 53, 55, 56, 57, 61, 62, 63, 64, 65, 66, 67, 69, 73, 74, 75, 76, 77, 79, 97, 98, 99, 100, 102, 103, 104, 105, 106, 107, 108, 109, 110, 111, 112, 113, 115, 116, 117, 121, 123, 124, 125, 126, 128, 136, 137, 138, 139, 140, 141, 143, 144, 146, 147, 148, 149, 150, 152, 154, 170, 171, 172, 173, 178, 182, 183, 184, 192, 193, 194, 198, 199, 204, 205, 206, 207, 208, 209, 210, 211, 212, 213, 214, 215, 216, 220, 221, 222, 223, 224, 225, 226, 227, 228, 232, 233, 234, 238, 239, 240, 241, 242, 243, 244, 245, 246, 247, 248, 249, 250, 251, 252, 253], "excluded_lines": []}}}, "src\\lexile_corpus_tuner\\calibration\\featureset.py": {"executed_lines": [1, 3, 4, 5, 7, 11], "summary": {"covered_lines": 5, "num_statements": 15, "percent_covered": 33.333333333333336, "percent_covered_display": "33", "missing_lines": 10, "excluded_lines": 2, "percent_statements_covered": 33.333333333333336, "percent_statements_covered_display": "33"}, "missing_lines": [13, 20, 22, 23, 24, 27, 31, 32, 33, 35], "excluded_lines": [7, 8], "functions": {"make_regression_features": {"executed_lines": [], "summary": {"covered_lines": 0, "num_statements": 10, "percent_covered": 0.0, "percent_covered_display": "0", "missing_lines": 10, "excluded_lines": 0, "percent_statements_covered": 0.0, "percent_statements_covered_display": "0"}, "missing_lines": [13, 20, 22, 23, 24, 27, 31, 32, 33, 35], "excluded_lines": []}, "": {"executed_lines": [1, 3, 4, 5, 7, 11], "summary": {"covered_lines": 5, "num_statements": 5, "percent_covered": 100.0, "percent_covered_display": "100", "missing_lines": 0, "excluded_lines": 2, "percent_statements_covered": 100.0, "percent_statements_covered_display": "100"}, "missing_lines": [], "excluded_lines": [7, 8]}}, "classes": {"": {"executed_lines": [1, 3, 4, 5, 7, 11], "summary": {"covered_lines": 5, "num_statements": 15, "percent_covered": 33.333333333333336, "percent_covered_display": "33", "missing_lines": 10, "excluded_lines": 2, "percent_statements_covered": 33.333333333333336, "percent_statements_covered_display": "33"}, "missing_lines": [13, 20, 22, 23, 24, 27, 31, 32, 33, 35], "excluded_lines": [7, 8]}}}, "src\\lexile_corpus_tuner\\calibration\\model_store.py": {"executed_lines": [1, 3, 4, 5, 7, 13, 29], "summary": {"covered_lines": 6, "num_statements": 11, "percent_covered": 54.54545454545455, "percent_covered_display": "55", "missing_lines": 5, "excluded_lines": 3, "percent_statements_covered": 54.54545454545455, "percent_statements_covered_display": "55"}, "missing_lines": [17, 18, 25, 26, 31], "excluded_lines": [7, 8, 10], "functions": {"save_model": {"executed_lines": [], "summary": {"covered_lines": 0, "num_statements": 4, "percent_covered": 0.0, "percent_covered_display": "0", "missing_lines": 4, "excluded_lines": 0, "percent_statements_covered": 0.0, "percent_statements_covered_display": "0"}, "missing_lines": [17, 18, 25, 26], "excluded_lines": []}, "load_model_spec": {"executed_lines": [], "summary": {"covered_lines": 0, "num_statements": 1, "percent_covered": 0.0, "percent_covered_display": "0", "missing_lines": 1, "excluded_lines": 0, "percent_statements_covered": 0.0, "percent_statements_covered_display": "0"}, "missing_lines": [31], "excluded_lines": []}, "": {"executed_lines": [1, 3, 4, 5, 7, 13, 29], "summary": {"covered_lines": 6, "num_statements": 6, "percent_covered": 100.0, "percent_covered_display": "100", "missing_lines": 0, "excluded_lines": 3, "percent_statements_covered": 100.0, "percent_statements_covered_display": "100"}, "missing_lines": [], "excluded_lines": [7, 8, 10]}}, "classes": {"": {"executed_lines": [1, 3, 4, 5, 7, 13, 29], "summary": {"covered_lines": 6, "num_statements": 11, "percent_covered": 54.54545454545455, "percent_covered_display": "55", "missing_lines": 5, "excluded_lines": 3, "percent_statements_covered": 54.54545454545455, "percent_statements_covered_display": "55"}, "missing_lines": [17, 18, 25, 26, 31], "excluded_lines": [7, 8, 10]}}}, "src\\lexile_corpus_tuner\\calibration\\train.py": {"executed_lines": [3, 5, 7, 8, 9, 10, 11, 13, 14, 15, 16, 17, 19, 30, 33, 45], "summary": {"covered_lines": 16, "num_statements": 42, "percent_covered": 38.095238095238095, "percent_covered_display": "38", "missing_lines": 26, "excluded_lines": 0, "percent_statements_covered": 38.095238095238095, "percent_statements_covered_display": "38"}, "missing_lines": [34, 35, 36, 37, 38, 39, 41, 42, 47, 48, 49, 51, 52, 57, 58, 59, 61, 68, 69, 71, 72, 74, 80, 82, 83, 85], "excluded_lines": [], "functions": {"compute_metrics": {"executed_lines": [], "summary": {"covered_lines": 0, "num_statements": 8, "percent_covered": 0.0, "percent_covered_display": "0", "missing_lines": 8, "excluded_lines": 0, "percent_statements_covered": 0.0, "percent_statements_covered_display": "0"}, "missing_lines": [34, 35, 36, 37, 38, 39, 41, 42], "excluded_lines": []}, "train_regression_model": {"executed_lines": [], "summary": {"covered_lines": 0, "num_statements": 18, "percent_covered": 0.0, "percent_covered_display": "0", "missing_lines": 18, "excluded_lines": 0, "percent_statements_covered": 0.0, "percent_statements_covered_display": "0"}, "missing_lines": [47, 48, 49, 51, 52, 57, 58, 59, 61, 68, 69, 71, 72, 74, 80, 82, 83, 85], "excluded_lines": []}, "": {"executed_lines": [3, 5, 7, 8, 9, 10, 11, 13, 14, 15, 16, 17, 19, 30, 33, 45], "summary": {"covered_lines": 16, "num_statements": 16, "percent_covered": 100.0, "percent_covered_display": "100", "missing_lines": 0, "excluded_lines": 0, "percent_statements_covered": 100.0, "percent_statements_covered_display": "100"}, "missing_lines": [], "excluded_lines": []}}, "classes": {"": {"executed_lines": [3, 5, 7, 8, 9, 10, 11, 13, 14, 15, 16, 17, 19, 30, 33, 45], "summary": {"covered_lines": 16, "num_statements": 42, "percent_covered": 38.095238095238095, "percent_covered_display": "38", "missing_lines": 26, "excluded_lines": 0, "percent_statements_covered": 38.095238095238095, "percent_statements_covered_display": "38"}, "missing_lines": [34, 35, 36, 37, 38, 39, 41, 42, 47, 48, 49, 51, 52, 57, 58, 59, 61, 68, 69, 71, 72, 74, 80, 82, 83, 85], "excluded_lines": []}}}, "src\\lexile_corpus_tuner\\cli.py": {"executed_lines": [1, 3, 4, 5, 6, 7, 8, 9, 11, 12, 13, 15, 16, 17, 18, 19, 20, 21, 22, 23, 24, 26, 29, 30, 103, 105, 113, 130, 132, 134, 136, 140, 143, 144, 218, 219, 227, 244, 246, 249, 250, 255, 256, 257, 260, 261, 262, 263, 264, 267, 268, 269, 270, 271, 275, 283, 285, 289, 292, 293, 295, 296, 299, 303, 312, 314, 317, 319, 321, 325, 342, 343, 344, 347, 348, 349, 350, 351, 352, 354, 356, 358, 360, 362, 364, 366, 368, 372, 374, 377, 379, 380, 381, 382, 386, 390, 393, 394, 395, 396, 397, 398, 401, 402, 403, 404, 407, 408, 409, 410, 411, 414, 415, 416, 417, 420, 422, 424, 425, 429, 434, 435, 436, 437, 439, 440, 441, 444, 446, 447, 448, 450, 453, 456, 459, 461, 462, 463, 464, 467, 471, 472, 473, 481, 484, 488, 495, 497, 506, 510, 512, 514, 515, 526, 564, 565, 569, 570, 571, 574], "summary": {"covered_lines": 159, "num_statements": 201, "percent_covered": 79.1044776119403, "percent_covered_display": "79", "missing_lines": 42, "excluded_lines": 2, "percent_statements_covered": 79.1044776119403, "percent_statements_covered_display": "79"}, "missing_lines": [274, 300, 313, 316, 318, 320, 322, 345, 353, 355, 357, 359, 361, 363, 365, 367, 369, 376, 454, 455, 511, 516, 517, 518, 519, 520, 530, 536, 537, 538, 539, 540, 541, 542, 554, 555, 556, 557, 558, 559, 560, 561], "excluded_lines": [574, 575], "functions": {"analyze": {"executed_lines": [103, 105, 113, 130, 132, 134, 136, 140], "summary": {"covered_lines": 8, "num_statements": 8, "percent_covered": 100.0, "percent_covered_display": "100", "missing_lines": 0, "excluded_lines": 0, "percent_statements_covered": 100.0, "percent_statements_covered_display": "100"}, "missing_lines": [], "excluded_lines": []}, "rewrite": {"executed_lines": [218, 219, 227, 244, 246, 249, 250, 255, 256, 257, 260, 261, 262, 263, 264, 267, 268, 269, 270, 271, 275, 283, 285, 289], "summary": {"covered_lines": 24, "num_statements": 25, "percent_covered": 96.0, "percent_covered_display": "96", "missing_lines": 1, "excluded_lines": 0, "percent_statements_covered": 96.0, "percent_statements_covered_display": "96"}, "missing_lines": [274], "excluded_lines": []}, "print_config": {"executed_lines": [295, 296], "summary": {"covered_lines": 2, "num_statements": 2, "percent_covered": 100.0, "percent_covered_display": "100", "missing_lines": 0, "excluded_lines": 0, "percent_statements_covered": 100.0, "percent_statements_covered_display": "100"}, "missing_lines": [], "excluded_lines": []}, "main": {"executed_lines": [], "summary": {"covered_lines": 0, "num_statements": 1, "percent_covered": 0.0, "percent_covered_display": "0", "missing_lines": 1, "excluded_lines": 0, "percent_statements_covered": 0.0, "percent_statements_covered_display": "0"}, "missing_lines": [300], "excluded_lines": []}, "_apply_estimator_overrides": {"executed_lines": [312, 314, 317, 319, 321], "summary": {"covered_lines": 5, "num_statements": 10, "percent_covered": 50.0, "percent_covered_display": "50", "missing_lines": 5, "excluded_lines": 0, "percent_statements_covered": 50.0, "percent_statements_covered_display": "50"}, "missing_lines": [313, 316, 318, 320, 322], "excluded_lines": []}, "_apply_rewriter_overrides": {"executed_lines": [342, 343, 344, 347, 348, 349, 350, 351, 352, 354, 356, 358, 360, 362, 364, 366, 368], "summary": {"covered_lines": 17, "num_statements": 27, "percent_covered": 62.96296296296296, "percent_covered_display": "63", "missing_lines": 10, "excluded_lines": 0, "percent_statements_covered": 62.96296296296296, "percent_statements_covered_display": "63"}, "missing_lines": [345, 353, 355, 357, 359, 361, 363, 365, 367, 369], "excluded_lines": []}, "_build_rewriter": {"executed_lines": [374, 377, 379, 380, 381, 382, 386], "summary": {"covered_lines": 7, "num_statements": 8, "percent_covered": 87.5, "percent_covered_display": "88", "missing_lines": 1, "excluded_lines": 0, "percent_statements_covered": 87.5, "percent_statements_covered_display": "88"}, "missing_lines": [376], "excluded_lines": []}, "_load_documents": {"executed_lines": [422, 424, 425, 429, 434, 435, 436, 437, 439, 440, 441], "summary": {"covered_lines": 11, "num_statements": 11, "percent_covered": 100.0, "percent_covered_display": "100", "missing_lines": 0, "excluded_lines": 0, "percent_statements_covered": 100.0, "percent_statements_covered_display": "100"}, "missing_lines": [], "excluded_lines": []}, "_document_from_file": {"executed_lines": [446, 447, 448, 450, 453, 456], "summary": {"covered_lines": 6, "num_statements": 8, "percent_covered": 75.0, "percent_covered_display": "75", "missing_lines": 2, "excluded_lines": 0, "percent_statements_covered": 75.0, "percent_statements_covered_display": "75"}, "missing_lines": [454, 455], "excluded_lines": []}, "_relative_output_path": {"executed_lines": [461, 462, 463, 464], "summary": {"covered_lines": 4, "num_statements": 4, "percent_covered": 100.0, "percent_covered_display": "100", "missing_lines": 0, "excluded_lines": 0, "percent_statements_covered": 100.0, "percent_statements_covered_display": "100"}, "missing_lines": [], "excluded_lines": []}, "_build_summary": {"executed_lines": [471, 472, 473, 481], "summary": {"covered_lines": 4, "num_statements": 4, "percent_covered": 100.0, "percent_covered_display": "100", "missing_lines": 0, "excluded_lines": 0, "percent_statements_covered": 100.0, "percent_statements_covered_display": "100"}, "missing_lines": [], "excluded_lines": []}, "_stats_dict": {"executed_lines": [488], "summary": {"covered_lines": 1, "num_statements": 1, "percent_covered": 100.0, "percent_covered_display": "100", "missing_lines": 0, "excluded_lines": 0, "percent_statements_covered": 100.0, "percent_statements_covered_display": "100"}, "missing_lines": [], "excluded_lines": []}, "_violation_dict": {"executed_lines": [497], "summary": {"covered_lines": 1, "num_statements": 1, "percent_covered": 100.0, "percent_covered_display": "100", "missing_lines": 0, "excluded_lines": 0, "percent_statements_covered": 100.0, "percent_statements_covered_display": "100"}, "missing_lines": [], "excluded_lines": []}, "_resolve_openai_api_key": {"executed_lines": [510, 512, 514, 515], "summary": {"covered_lines": 4, "num_statements": 10, "percent_covered": 40.0, "percent_covered_display": "40", "missing_lines": 6, "excluded_lines": 0, "percent_statements_covered": 40.0, "percent_statements_covered_display": "40"}, "missing_lines": [511, 516, 517, 518, 519, 520], "excluded_lines": []}, "_load_openai_key_from_script": {"executed_lines": [], "summary": {"covered_lines": 0, "num_statements": 16, "percent_covered": 0.0, "percent_covered_display": "0", "missing_lines": 16, "excluded_lines": 0, "percent_statements_covered": 0.0, "percent_statements_covered_display": "0"}, "missing_lines": [530, 536, 537, 538, 539, 540, 541, 542, 554, 555, 556, 557, 558, 559, 560, 561], "excluded_lines": []}, "text_difficulty_cli": {"executed_lines": [], "summary": {"covered_lines": 0, "num_statements": 0, "percent_covered": 100.0, "percent_covered_display": "100", "missing_lines": 0, "excluded_lines": 0, "percent_statements_covered": 100.0, "percent_statements_covered_display": "100"}, "missing_lines": [], "excluded_lines": []}, "": {"executed_lines": [1, 3, 4, 5, 6, 7, 8, 9, 11, 12, 13, 15, 16, 17, 18, 19, 20, 21, 22, 23, 24, 26, 29, 30, 143, 144, 292, 293, 299, 303, 325, 372, 390, 393, 394, 395, 396, 397, 398, 401, 402, 403, 404, 407, 408, 409, 410, 411, 414, 415, 416, 417, 420, 444, 459, 467, 484, 495, 506, 526, 564, 565, 569, 570, 571, 574], "summary": {"covered_lines": 65, "num_statements": 65, "percent_covered": 100.0, "percent_covered_display": "100", "missing_lines": 0, "excluded_lines": 2, "percent_statements_covered": 100.0, "percent_statements_covered_display": "100"}, "missing_lines": [], "excluded_lines": [574, 575]}}, "classes": {"ViolationPayload": {"executed_lines": [], "summary": {"covered_lines": 0, "num_statements": 0, "percent_covered": 100.0, "percent_covered_display": "100", "missing_lines": 0, "excluded_lines": 0, "percent_statements_covered": 100.0, "percent_statements_covered_display": "100"}, "missing_lines": [], "excluded_lines": []}, "StatsPayload": {"executed_lines": [], "summary": {"covered_lines": 0, "num_statements": 0, "percent_covered": 100.0, "percent_covered_display": "100", "missing_lines": 0, "excluded_lines": 0, "percent_statements_covered": 100.0, "percent_statements_covered_display": "100"}, "missing_lines": [], "excluded_lines": []}, "DocumentSummary": {"executed_lines": [], "summary": {"covered_lines": 0, "num_statements": 0, "percent_covered": 100.0, "percent_covered_display": "100", "missing_lines": 0, "excluded_lines": 0, "percent_statements_covered": 100.0, "percent_statements_covered_display": "100"}, "missing_lines": [], "excluded_lines": []}, "RewriteSummaryEntry": {"executed_lines": [], "summary": {"covered_lines": 0, "num_statements": 0, "percent_covered": 100.0, "percent_covered_display": "100", "missing_lines": 0, "excluded_lines": 0, "percent_statements_covered": 100.0, "percent_statements_covered_display": "100"}, "missing_lines": [], "excluded_lines": []}, "": {"executed_lines": [1, 3, 4, 5, 6, 7, 8, 9, 11, 12, 13, 15, 16, 17, 18, 19, 20, 21, 22, 23, 24, 26, 29, 30, 103, 105, 113, 130, 132, 134, 136, 140, 143, 144, 218, 219, 227, 244, 246, 249, 250, 255, 256, 257, 260, 261, 262, 263, 264, 267, 268, 269, 270, 271, 275, 283, 285, 289, 292, 293, 295, 296, 299, 303, 312, 314, 317, 319, 321, 325, 342, 343, 344, 347, 348, 349, 350, 351, 352, 354, 356, 358, 360, 362, 364, 366, 368, 372, 374, 377, 379, 380, 381, 382, 386, 390, 393, 394, 395, 396, 397, 398, 401, 402, 403, 404, 407, 408, 409, 410, 411, 414, 415, 416, 417, 420, 422, 424, 425, 429, 434, 435, 436, 437, 439, 440, 441, 444, 446, 447, 448, 450, 453, 456, 459, 461, 462, 463, 464, 467, 471, 472, 473, 481, 484, 488, 495, 497, 506, 510, 512, 514, 515, 526, 564, 565, 569, 570, 571, 574], "summary": {"covered_lines": 159, "num_statements": 201, "percent_covered": 79.1044776119403, "percent_covered_display": "79", "missing_lines": 42, "excluded_lines": 2, "percent_statements_covered": 79.1044776119403, "percent_statements_covered_display": "79"}, "missing_lines": [274, 300, 313, 316, 318, 320, 322, 345, 353, 355, 357, 359, 361, 363, 365, 367, 369, 376, 454, 455, 511, 516, 517, 518, 519, 520, 530, 536, 537, 538, 539, 540, 541, 542, 554, 555, 556, 557, 558, 559, 560, 561], "excluded_lines": [574, 575]}}}, "src\\lexile_corpus_tuner\\config.py": {"executed_lines": [1, 3, 4, 5, 6, 8, 11, 12, 13, 15, 16, 17, 18, 19, 20, 21, 22, 23, 24, 25, 28, 30, 33, 34, 35, 37, 38, 39, 40, 41, 42, 43, 44, 45, 46, 47, 48, 49, 50, 51, 54, 56, 58, 61, 62, 63, 64, 71, 74, 80, 82, 84, 87, 89, 90, 91, 93, 94, 95, 96, 97, 99, 100, 101, 102, 105, 108, 110, 111, 112], "summary": {"covered_lines": 68, "num_statements": 81, "percent_covered": 83.95061728395062, "percent_covered_display": "84", "missing_lines": 13, "excluded_lines": 0, "percent_statements_covered": 83.95061728395062, "percent_statements_covered_display": "84"}, "missing_lines": [65, 66, 67, 68, 69, 70, 75, 76, 77, 83, 92, 98, 104], "excluded_lines": [], "functions": {"_default_band_midpoints": {"executed_lines": [30], "summary": {"covered_lines": 1, "num_statements": 1, "percent_covered": 100.0, "percent_covered_display": "100", "missing_lines": 0, "excluded_lines": 0, "percent_statements_covered": 100.0, "percent_statements_covered_display": "100"}, "missing_lines": [], "excluded_lines": []}, "LexileTunerConfig.to_dict": {"executed_lines": [58], "summary": {"covered_lines": 1, "num_statements": 1, "percent_covered": 100.0, "percent_covered_display": "100", "missing_lines": 0, "excluded_lines": 0, "percent_statements_covered": 100.0, "percent_statements_covered_display": "100"}, "missing_lines": [], "excluded_lines": []}, "_build_kwargs": {"executed_lines": [62, 63, 64, 71], "summary": {"covered_lines": 4, "num_statements": 10, "percent_covered": 40.0, "percent_covered_display": "40", "missing_lines": 6, "excluded_lines": 0, "percent_statements_covered": 40.0, "percent_statements_covered_display": "40"}, "missing_lines": [65, 66, 67, 68, 69, 70], "excluded_lines": []}, "_build_openai_settings": {"executed_lines": [], "summary": {"covered_lines": 0, "num_statements": 3, "percent_covered": 0.0, "percent_covered_display": "0", "missing_lines": 3, "excluded_lines": 0, "percent_statements_covered": 0.0, "percent_statements_covered_display": "0"}, "missing_lines": [75, 76, 77], "excluded_lines": []}, "config_from_dict": {"executed_lines": [82, 84], "summary": {"covered_lines": 2, "num_statements": 3, "percent_covered": 66.66666666666667, "percent_covered_display": "67", "missing_lines": 1, "excluded_lines": 0, "percent_statements_covered": 66.66666666666667, "percent_statements_covered_display": "67"}, "missing_lines": [83], "excluded_lines": []}, "config_from_yaml": {"executed_lines": [89, 90, 91, 93, 94, 95, 96, 97, 99, 100, 101, 102, 105], "summary": {"covered_lines": 13, "num_statements": 16, "percent_covered": 81.25, "percent_covered_display": "81", "missing_lines": 3, "excluded_lines": 0, "percent_statements_covered": 81.25, "percent_statements_covered_display": "81"}, "missing_lines": [92, 98, 104], "excluded_lines": []}, "load_config": {"executed_lines": [110, 111, 112], "summary": {"covered_lines": 3, "num_statements": 3, "percent_covered": 100.0, "percent_covered_display": "100", "missing_lines": 0, "excluded_lines": 0, "percent_statements_covered": 100.0, "percent_statements_covered_display": "100"}, "missing_lines": [], "excluded_lines": []}, "": {"executed_lines": [1, 3, 4, 5, 6, 8, 11, 12, 13, 15, 16, 17, 18, 19, 20, 21, 22, 23, 24, 25, 28, 33, 34, 35, 37, 38, 39, 40, 41, 42, 43, 44, 45, 46, 47, 48, 49, 50, 51, 54, 56, 61, 74, 80, 87, 108], "summary": {"covered_lines": 44, "num_statements": 44, "percent_covered": 100.0, "percent_covered_display": "100", "missing_lines": 0, "excluded_lines": 0, "percent_statements_covered": 100.0, "percent_statements_covered_display": "100"}, "missing_lines": [], "excluded_lines": []}}, "classes": {"OpenAISettings": {"executed_lines": [], "summary": {"covered_lines": 0, "num_statements": 0, "percent_covered": 100.0, "percent_covered_display": "100", "missing_lines": 0, "excluded_lines": 0, "percent_statements_covered": 100.0, "percent_statements_covered_display": "100"}, "missing_lines": [], "excluded_lines": []}, "LexileTunerConfig": {"executed_lines": [58], "summary": {"covered_lines": 1, "num_statements": 1, "percent_covered": 100.0, "percent_covered_display": "100", "missing_lines": 0, "excluded_lines": 0, "percent_statements_covered": 100.0, "percent_statements_covered_display": "100"}, "missing_lines": [], "excluded_lines": []}, "": {"executed_lines": [1, 3, 4, 5, 6, 8, 11, 12, 13, 15, 16, 17, 18, 19, 20, 21, 22, 23, 24, 25, 28, 30, 33, 34, 35, 37, 38, 39, 40, 41, 42, 43, 44, 45, 46, 47, 48, 49, 50, 51, 54, 56, 61, 62, 63, 64, 71, 74, 80, 82, 84, 87, 89, 90, 91, 93, 94, 95, 96, 97, 99, 100, 101, 102, 105, 108, 110, 111, 112], "summary": {"covered_lines": 67, "num_statements": 80, "percent_covered": 83.75, "percent_covered_display": "84", "missing_lines": 13, "excluded_lines": 0, "percent_statements_covered": 83.75, "percent_statements_covered_display": "84"}, "missing_lines": [65, 66, 67, 68, 69, 70, 75, 76, 77, 83, 92, 98, 104], "excluded_lines": []}}}, "src\\lexile_corpus_tuner\\constraints.py": {"executed_lines": [1, 3, 5, 7, 11, 15, 17, 18, 19, 33, 34, 35, 36, 50, 53, 55], "summary": {"covered_lines": 15, "num_statements": 15, "percent_covered": 100.0, "percent_covered_display": "100", "missing_lines": 0, "excluded_lines": 2, "percent_statements_covered": 100.0, "percent_statements_covered_display": "100"}, "missing_lines": [], "excluded_lines": [7, 8], "functions": {"find_violations": {"executed_lines": [15, 17, 18, 19, 33, 34, 35, 36, 50], "summary": {"covered_lines": 9, "num_statements": 9, "percent_covered": 100.0, "percent_covered_display": "100", "missing_lines": 0, "excluded_lines": 0, "percent_statements_covered": 100.0, "percent_statements_covered_display": "100"}, "missing_lines": [], "excluded_lines": []}, "has_hard_window_violations": {"executed_lines": [55], "summary": {"covered_lines": 1, "num_statements": 1, "percent_covered": 100.0, "percent_covered_display": "100", "missing_lines": 0, "excluded_lines": 0, "percent_statements_covered": 100.0, "percent_statements_covered_display": "100"}, "missing_lines": [], "excluded_lines": []}, "": {"executed_lines": [1, 3, 5, 7, 11, 53], "summary": {"covered_lines": 5, "num_statements": 5, "percent_covered": 100.0, "percent_covered_display": "100", "missing_lines": 0, "excluded_lines": 2, "percent_statements_covered": 100.0, "percent_statements_covered_display": "100"}, "missing_lines": [], "excluded_lines": [7, 8]}}, "classes": {"": {"executed_lines": [1, 3, 5, 7, 11, 15, 17, 18, 19, 33, 34, 35, 36, 50, 53, 55], "summary": {"covered_lines": 15, "num_statements": 15, "percent_covered": 100.0, "percent_covered_display": "100", "missing_lines": 0, "excluded_lines": 2, "percent_statements_covered": 100.0, "percent_statements_covered_display": "100"}, "missing_lines": [], "excluded_lines": [7, 8]}}}, "src\\lexile_corpus_tuner\\corpus\\__init__.py": {"executed_lines": [1], "summary": {"covered_lines": 0, "num_statements": 0, "percent_covered": 100.0, "percent_covered_display": "100", "missing_lines": 0, "excluded_lines": 0, "percent_statements_covered": 100.0, "percent_statements_covered_display": "100"}, "missing_lines": [], "excluded_lines": [], "functions": {"": {"executed_lines": [1], "summary": {"covered_lines": 0, "num_statements": 0, "percent_covered": 100.0, "percent_covered_display": "100", "missing_lines": 0, "excluded_lines": 0, "percent_statements_covered": 100.0, "percent_statements_covered_display": "100"}, "missing_lines": [], "excluded_lines": []}}, "classes": {"": {"executed_lines": [1], "summary": {"covered_lines": 0, "num_statements": 0, "percent_covered": 100.0, "percent_covered_display": "100", "missing_lines": 0, "excluded_lines": 0, "percent_statements_covered": 100.0, "percent_statements_covered_display": "100"}, "missing_lines": [], "excluded_lines": []}}}, "src\\lexile_corpus_tuner\\corpus\\cli.py": {"executed_lines": [1, 3, 5, 8, 9, 13, 14, 20, 28, 29, 36, 41, 42], "summary": {"covered_lines": 13, "num_statements": 19, "percent_covered": 68.42105263157895, "percent_covered_display": "68", "missing_lines": 6, "excluded_lines": 0, "percent_statements_covered": 68.42105263157895, "percent_statements_covered_display": "68"}, "missing_lines": [22, 23, 24, 25, 38, 44], "excluded_lines": [], "functions": {"corpus_group": {"executed_lines": [], "summary": {"covered_lines": 0, "num_statements": 0, "percent_covered": 100.0, "percent_covered_display": "100", "missing_lines": 0, "excluded_lines": 0, "percent_statements_covered": 100.0, "percent_statements_covered_display": "100"}, "missing_lines": [], "excluded_lines": []}, "corpus_download": {"executed_lines": [], "summary": {"covered_lines": 0, "num_statements": 4, "percent_covered": 0.0, "percent_covered_display": "0", "missing_lines": 4, "excluded_lines": 0, "percent_statements_covered": 0.0, "percent_statements_covered_display": "0"}, "missing_lines": [22, 23, 24, 25], "excluded_lines": []}, "corpus_normalize": {"executed_lines": [], "summary": {"covered_lines": 0, "num_statements": 1, "percent_covered": 0.0, "percent_covered_display": "0", "missing_lines": 1, "excluded_lines": 0, "percent_statements_covered": 0.0, "percent_statements_covered_display": "0"}, "missing_lines": [38], "excluded_lines": []}, "corpus_frequencies": {"executed_lines": [], "summary": {"covered_lines": 0, "num_statements": 1, "percent_covered": 0.0, "percent_covered_display": "0", "missing_lines": 1, "excluded_lines": 0, "percent_statements_covered": 0.0, "percent_statements_covered_display": "0"}, "missing_lines": [44], "excluded_lines": []}, "": {"executed_lines": [1, 3, 5, 8, 9, 13, 14, 20, 28, 29, 36, 41, 42], "summary": {"covered_lines": 13, "num_statements": 13, "percent_covered": 100.0, "percent_covered_display": "100", "missing_lines": 0, "excluded_lines": 0, "percent_statements_covered": 100.0, "percent_statements_covered_display": "100"}, "missing_lines": [], "excluded_lines": []}}, "classes": {"": {"executed_lines": [1, 3, 5, 8, 9, 13, 14, 20, 28, 29, 36, 41, 42], "summary": {"covered_lines": 13, "num_statements": 19, "percent_covered": 68.42105263157895, "percent_covered_display": "68", "missing_lines": 6, "excluded_lines": 0, "percent_statements_covered": 68.42105263157895, "percent_statements_covered_display": "68"}, "missing_lines": [22, 23, 24, 25, 38, 44], "excluded_lines": []}}}, "src\\lexile_corpus_tuner\\corpus\\download.py": {"executed_lines": [1, 3, 4, 5, 6, 7, 8, 10, 12, 15, 16, 17, 18, 19, 20, 26, 29, 37, 66, 85, 131, 150, 168, 180], "summary": {"covered_lines": 23, "num_statements": 130, "percent_covered": 17.692307692307693, "percent_covered_display": "18", "missing_lines": 107, "excluded_lines": 2, "percent_statements_covered": 17.692307692307693, "percent_statements_covered_display": "18"}, "missing_lines": [31, 32, 33, 34, 41, 42, 43, 44, 48, 50, 51, 52, 53, 54, 55, 56, 57, 58, 59, 60, 61, 62, 63, 70, 71, 72, 75, 76, 77, 78, 79, 80, 81, 82, 87, 88, 89, 93, 95, 96, 97, 98, 99, 101, 102, 103, 104, 106, 107, 108, 109, 110, 111, 112, 113, 114, 115, 116, 117, 118, 119, 120, 121, 122, 123, 124, 126, 127, 128, 132, 133, 134, 135, 136, 137, 138, 139, 140, 141, 142, 143, 144, 145, 146, 147, 152, 157, 159, 160, 161, 162, 163, 164, 165, 169, 170, 171, 172, 173, 174, 175, 176, 177, 181, 182, 183, 184], "excluded_lines": [12, 13], "functions": {"ensure_dirs": {"executed_lines": [], "summary": {"covered_lines": 0, "num_statements": 4, "percent_covered": 0.0, "percent_covered_display": "0", "missing_lines": 4, "excluded_lines": 0, "percent_statements_covered": 0.0, "percent_statements_covered_display": "0"}, "missing_lines": [31, 32, 33, 34], "excluded_lines": []}, "download_gutenberg_subset": {"executed_lines": [], "summary": {"covered_lines": 0, "num_statements": 19, "percent_covered": 0.0, "percent_covered_display": "0", "missing_lines": 19, "excluded_lines": 0, "percent_statements_covered": 0.0, "percent_statements_covered_display": "0"}, "missing_lines": [41, 42, 43, 44, 48, 50, 51, 52, 53, 54, 55, 56, 57, 58, 59, 60, 61, 62, 63], "excluded_lines": []}, "download_simple_wiki_dump": {"executed_lines": [], "summary": {"covered_lines": 0, "num_statements": 11, "percent_covered": 0.0, "percent_covered_display": "0", "missing_lines": 11, "excluded_lines": 0, "percent_statements_covered": 0.0, "percent_statements_covered_display": "0"}, "missing_lines": [70, 71, 72, 75, 76, 77, 78, 79, 80, 81, 82], "excluded_lines": []}, "download_oer_sources": {"executed_lines": [], "summary": {"covered_lines": 0, "num_statements": 35, "percent_covered": 0.0, "percent_covered_display": "0", "missing_lines": 35, "excluded_lines": 0, "percent_statements_covered": 0.0, "percent_statements_covered_display": "0"}, "missing_lines": [87, 88, 89, 93, 95, 96, 97, 98, 99, 101, 102, 103, 104, 106, 107, 108, 109, 110, 111, 112, 113, 114, 115, 116, 117, 118, 119, 120, 121, 122, 123, 124, 126, 127, 128], "excluded_lines": []}, "_iter_gutenberg_ids": {"executed_lines": [], "summary": {"covered_lines": 0, "num_statements": 16, "percent_covered": 0.0, "percent_covered_display": "0", "missing_lines": 16, "excluded_lines": 0, "percent_statements_covered": 0.0, "percent_statements_covered_display": "0"}, "missing_lines": [132, 133, 134, 135, 136, 137, 138, 139, 140, 141, 142, 143, 144, 145, 146, 147], "excluded_lines": []}, "_resolve_gutenberg_url": {"executed_lines": [], "summary": {"covered_lines": 0, "num_statements": 9, "percent_covered": 0.0, "percent_covered_display": "0", "missing_lines": 9, "excluded_lines": 0, "percent_statements_covered": 0.0, "percent_statements_covered_display": "0"}, "missing_lines": [152, 157, 159, 160, 161, 162, 163, 164, 165], "excluded_lines": []}, "_download_file": {"executed_lines": [], "summary": {"covered_lines": 0, "num_statements": 9, "percent_covered": 0.0, "percent_covered_display": "0", "missing_lines": 9, "excluded_lines": 0, "percent_statements_covered": 0.0, "percent_statements_covered_display": "0"}, "missing_lines": [169, 170, 171, 172, 173, 174, 175, 176, 177], "excluded_lines": []}, "_copy_local_file": {"executed_lines": [], "summary": {"covered_lines": 0, "num_statements": 4, "percent_covered": 0.0, "percent_covered_display": "0", "missing_lines": 4, "excluded_lines": 0, "percent_statements_covered": 0.0, "percent_statements_covered_display": "0"}, "missing_lines": [181, 182, 183, 184], "excluded_lines": []}, "": {"executed_lines": [1, 3, 4, 5, 6, 7, 8, 10, 12, 15, 16, 17, 18, 19, 20, 26, 29, 37, 66, 85, 131, 150, 168, 180], "summary": {"covered_lines": 23, "num_statements": 23, "percent_covered": 100.0, "percent_covered_display": "100", "missing_lines": 0, "excluded_lines": 2, "percent_statements_covered": 100.0, "percent_statements_covered_display": "100"}, "missing_lines": [], "excluded_lines": [12, 13]}}, "classes": {"": {"executed_lines": [1, 3, 4, 5, 6, 7, 8, 10, 12, 15, 16, 17, 18, 19, 20, 26, 29, 37, 66, 85, 131, 150, 168, 180], "summary": {"covered_lines": 23, "num_statements": 130, "percent_covered": 17.692307692307693, "percent_covered_display": "18", "missing_lines": 107, "excluded_lines": 2, "percent_statements_covered": 17.692307692307693, "percent_statements_covered_display": "18"}, "missing_lines": [31, 32, 33, 34, 41, 42, 43, 44, 48, 50, 51, 52, 53, 54, 55, 56, 57, 58, 59, 60, 61, 62, 63, 70, 71, 72, 75, 76, 77, 78, 79, 80, 81, 82, 87, 88, 89, 93, 95, 96, 97, 98, 99, 101, 102, 103, 104, 106, 107, 108, 109, 110, 111, 112, 113, 114, 115, 116, 117, 118, 119, 120, 121, 122, 123, 124, 126, 127, 128, 132, 133, 134, 135, 136, 137, 138, 139, 140, 141, 142, 143, 144, 145, 146, 147, 152, 157, 159, 160, 161, 162, 163, 164, 165, 169, 170, 171, 172, 173, 174, 175, 176, 177, 181, 182, 183, 184], "excluded_lines": [12, 13]}}}, "src\\lexile_corpus_tuner\\corpus\\frequencies.py": {"executed_lines": [1, 3, 4, 5, 6, 7, 8, 10, 11, 12, 13, 14, 16, 19, 92, 98], "summary": {"covered_lines": 16, "num_statements": 75, "percent_covered": 21.333333333333332, "percent_covered_display": "21", "missing_lines": 59, "excluded_lines": 0, "percent_statements_covered": 21.333333333333332, "percent_statements_covered_display": "21"}, "missing_lines": [21, 22, 23, 24, 25, 26, 27, 30, 32, 33, 34, 35, 36, 37, 38, 39, 40, 41, 42, 43, 44, 45, 46, 47, 49, 50, 51, 52, 54, 55, 56, 57, 58, 60, 63, 64, 65, 66, 76, 84, 85, 93, 95, 99, 100, 101, 102, 103, 104, 105, 106, 107, 108, 109, 110, 111, 112, 113, 114], "excluded_lines": [], "functions": {"compute_global_frequencies": {"executed_lines": [], "summary": {"covered_lines": 0, "num_statements": 41, "percent_covered": 0.0, "percent_covered_display": "0", "missing_lines": 41, "excluded_lines": 0, "percent_statements_covered": 0.0, "percent_statements_covered_display": "0"}, "missing_lines": [21, 22, 23, 24, 25, 26, 27, 30, 32, 33, 34, 35, 36, 37, 38, 39, 40, 41, 42, 43, 44, 45, 46, 47, 49, 50, 51, 52, 54, 55, 56, 57, 58, 60, 63, 64, 65, 66, 76, 84, 85], "excluded_lines": []}, "_current_version": {"executed_lines": [], "summary": {"covered_lines": 0, "num_statements": 2, "percent_covered": 0.0, "percent_covered_display": "0", "missing_lines": 2, "excluded_lines": 0, "percent_statements_covered": 0.0, "percent_statements_covered_display": "0"}, "missing_lines": [93, 95], "excluded_lines": []}, "_load_source_weights": {"executed_lines": [], "summary": {"covered_lines": 0, "num_statements": 16, "percent_covered": 0.0, "percent_covered_display": "0", "missing_lines": 16, "excluded_lines": 0, "percent_statements_covered": 0.0, "percent_statements_covered_display": "0"}, "missing_lines": [99, 100, 101, 102, 103, 104, 105, 106, 107, 108, 109, 110, 111, 112, 113, 114], "excluded_lines": []}, "": {"executed_lines": [1, 3, 4, 5, 6, 7, 8, 10, 11, 12, 13, 14, 16, 19, 92, 98], "summary": {"covered_lines": 16, "num_statements": 16, "percent_covered": 100.0, "percent_covered_display": "100", "missing_lines": 0, "excluded_lines": 0, "percent_statements_covered": 100.0, "percent_statements_covered_display": "100"}, "missing_lines": [], "excluded_lines": []}}, "classes": {"": {"executed_lines": [1, 3, 4, 5, 6, 7, 8, 10, 11, 12, 13, 14, 16, 19, 92, 98], "summary": {"covered_lines": 16, "num_statements": 75, "percent_covered": 21.333333333333332, "percent_covered_display": "21", "missing_lines": 59, "excluded_lines": 0, "percent_statements_covered": 21.333333333333332, "percent_statements_covered_display": "21"}, "missing_lines": [21, 22, 23, 24, 25, 26, 27, 30, 32, 33, 34, 35, 36, 37, 38, 39, 40, 41, 42, 43, 44, 45, 46, 47, 49, 50, 51, 52, 54, 55, 56, 57, 58, 60, 63, 64, 65, 66, 76, 84, 85, 93, 95, 99, 100, 101, 102, 103, 104, 105, 106, 107, 108, 109, 110, 111, 112, 113, 114], "excluded_lines": []}}}, "src\\lexile_corpus_tuner\\corpus\\normalize.py": {"executed_lines": [1, 3, 4, 5, 6, 7, 8, 10, 12, 15, 16, 17, 18, 20, 21, 24, 25, 26, 27, 28, 29, 32, 86, 93, 107, 159, 170, 191, 201], "summary": {"covered_lines": 28, "num_statements": 171, "percent_covered": 16.374269005847953, "percent_covered_display": "16", "missing_lines": 143, "excluded_lines": 2, "percent_statements_covered": 16.374269005847953, "percent_statements_covered_display": "16"}, "missing_lines": [36, 37, 39, 40, 41, 42, 43, 45, 46, 47, 48, 49, 51, 53, 54, 56, 57, 60, 61, 62, 63, 65, 66, 68, 69, 72, 73, 74, 76, 77, 81, 82, 83, 88, 89, 90, 94, 95, 96, 97, 98, 99, 100, 101, 102, 103, 104, 108, 109, 110, 112, 113, 114, 115, 116, 117, 118, 120, 121, 122, 123, 124, 125, 126, 127, 128, 129, 130, 131, 132, 133, 134, 135, 136, 137, 139, 140, 141, 142, 143, 144, 145, 146, 147, 148, 149, 150, 151, 152, 153, 154, 155, 156, 160, 161, 162, 163, 164, 165, 166, 167, 173, 174, 175, 176, 177, 178, 179, 180, 182, 188, 192, 197, 198, 202, 203, 204, 205, 206, 207, 208, 209, 210, 211, 212, 213, 214, 215, 216, 217, 218, 219, 220, 221, 222, 223, 224, 225, 226, 227, 228, 229, 230], "excluded_lines": [12, 13], "functions": {"normalize_all_sources": {"executed_lines": [], "summary": {"covered_lines": 0, "num_statements": 33, "percent_covered": 0.0, "percent_covered_display": "0", "missing_lines": 33, "excluded_lines": 0, "percent_statements_covered": 0.0, "percent_statements_covered_display": "0"}, "missing_lines": [36, 37, 39, 40, 41, 42, 43, 45, 46, 47, 48, 49, 51, 53, 54, 56, 57, 60, 61, 62, 63, 65, 66, 68, 69, 72, 73, 74, 76, 77, 81, 82, 83], "excluded_lines": []}, "iter_raw_texts": {"executed_lines": [], "summary": {"covered_lines": 0, "num_statements": 3, "percent_covered": 0.0, "percent_covered_display": "0", "missing_lines": 3, "excluded_lines": 0, "percent_statements_covered": 0.0, "percent_statements_covered_display": "0"}, "missing_lines": [88, 89, 90], "excluded_lines": []}, "_iter_gutenberg_texts": {"executed_lines": [], "summary": {"covered_lines": 0, "num_statements": 11, "percent_covered": 0.0, "percent_covered_display": "0", "missing_lines": 11, "excluded_lines": 0, "percent_statements_covered": 0.0, "percent_statements_covered_display": "0"}, "missing_lines": [94, 95, 96, 97, 98, 99, 100, 101, 102, 103, 104], "excluded_lines": []}, "_iter_simple_wiki_texts": {"executed_lines": [], "summary": {"covered_lines": 0, "num_statements": 46, "percent_covered": 0.0, "percent_covered_display": "0", "missing_lines": 46, "excluded_lines": 0, "percent_statements_covered": 0.0, "percent_statements_covered_display": "0"}, "missing_lines": [108, 109, 110, 112, 113, 114, 115, 116, 117, 118, 120, 121, 122, 123, 124, 125, 126, 127, 128, 129, 130, 131, 132, 133, 134, 135, 136, 137, 139, 140, 141, 142, 143, 144, 145, 146, 147, 148, 149, 150, 151, 152, 153, 154, 155, 156], "excluded_lines": []}, "_classify_gutenberg_path": {"executed_lines": [], "summary": {"covered_lines": 0, "num_statements": 8, "percent_covered": 0.0, "percent_covered_display": "0", "missing_lines": 8, "excluded_lines": 0, "percent_statements_covered": 0.0, "percent_statements_covered_display": "0"}, "missing_lines": [160, 161, 162, 163, 164, 165, 166, 167], "excluded_lines": []}, "_write_shard": {"executed_lines": [], "summary": {"covered_lines": 0, "num_statements": 10, "percent_covered": 0.0, "percent_covered_display": "0", "missing_lines": 10, "excluded_lines": 0, "percent_statements_covered": 0.0, "percent_statements_covered_display": "0"}, "missing_lines": [173, 174, 175, 176, 177, 178, 179, 180, 182, 188], "excluded_lines": []}, "_write_summary": {"executed_lines": [], "summary": {"covered_lines": 0, "num_statements": 3, "percent_covered": 0.0, "percent_covered_display": "0", "missing_lines": 3, "excluded_lines": 0, "percent_statements_covered": 0.0, "percent_statements_covered_display": "0"}, "missing_lines": [192, 197, 198], "excluded_lines": []}, "_iter_oer_texts": {"executed_lines": [], "summary": {"covered_lines": 0, "num_statements": 29, "percent_covered": 0.0, "percent_covered_display": "0", "missing_lines": 29, "excluded_lines": 0, "percent_statements_covered": 0.0, "percent_statements_covered_display": "0"}, "missing_lines": [202, 203, 204, 205, 206, 207, 208, 209, 210, 211, 212, 213, 214, 215, 216, 217, 218, 219, 220, 221, 222, 223, 224, 225, 226, 227, 228, 229, 230], "excluded_lines": []}, "": {"executed_lines": [1, 3, 4, 5, 6, 7, 8, 10, 12, 15, 16, 17, 18, 20, 21, 24, 25, 26, 27, 28, 29, 32, 86, 93, 107, 159, 170, 191, 201], "summary": {"covered_lines": 28, "num_statements": 28, "percent_covered": 100.0, "percent_covered_display": "100", "missing_lines": 0, "excluded_lines": 2, "percent_statements_covered": 100.0, "percent_statements_covered_display": "100"}, "missing_lines": [], "excluded_lines": [12, 13]}}, "classes": {"NormalizedShardMeta": {"executed_lines": [], "summary": {"covered_lines": 0, "num_statements": 0, "percent_covered": 100.0, "percent_covered_display": "100", "missing_lines": 0, "excluded_lines": 0, "percent_statements_covered": 100.0, "percent_statements_covered_display": "100"}, "missing_lines": [], "excluded_lines": []}, "": {"executed_lines": [1, 3, 4, 5, 6, 7, 8, 10, 12, 15, 16, 17, 18, 20, 21, 24, 25, 26, 27, 28, 29, 32, 86, 93, 107, 159, 170, 191, 201], "summary": {"covered_lines": 28, "num_statements": 171, "percent_covered": 16.374269005847953, "percent_covered_display": "16", "missing_lines": 143, "excluded_lines": 2, "percent_statements_covered": 16.374269005847953, "percent_statements_covered_display": "16"}, "missing_lines": [36, 37, 39, 40, 41, 42, 43, 45, 46, 47, 48, 49, 51, 53, 54, 56, 57, 60, 61, 62, 63, 65, 66, 68, 69, 72, 73, 74, 76, 77, 81, 82, 83, 88, 89, 90, 94, 95, 96, 97, 98, 99, 100, 101, 102, 103, 104, 108, 109, 110, 112, 113, 114, 115, 116, 117, 118, 120, 121, 122, 123, 124, 125, 126, 127, 128, 129, 130, 131, 132, 133, 134, 135, 136, 137, 139, 140, 141, 142, 143, 144, 145, 146, 147, 148, 149, 150, 151, 152, 153, 154, 155, 156, 160, 161, 162, 163, 164, 165, 166, 167, 173, 174, 175, 176, 177, 178, 179, 180, 182, 188, 192, 197, 198, 202, 203, 204, 205, 206, 207, 208, 209, 210, 211, 212, 213, 214, 215, 216, 217, 218, 219, 220, 221, 222, 223, 224, 225, 226, 227, 228, 229, 230], "excluded_lines": [12, 13]}}}, "src\\lexile_corpus_tuner\\epub.py": {"executed_lines": [1, 3, 4, 5, 6, 9, 10, 13, 15, 18, 19, 20, 21, 22, 23, 24, 25, 26, 27, 30, 31, 32, 33, 38, 39, 40, 43, 44, 47, 48, 50, 51, 53, 56, 57, 58, 61, 62, 65, 66, 67, 68, 69, 70, 71, 72, 73, 75, 76, 77, 78, 79, 80, 82, 83, 85, 86, 88, 89, 90, 91, 94, 95, 96, 103, 104, 105, 107, 110, 111, 117, 118, 135, 136, 137, 138, 140, 141, 144, 145, 146, 148, 149, 150, 151, 153, 154, 156, 157, 159, 160, 162, 163, 164, 165, 166, 169, 170, 171, 172, 173], "summary": {"covered_lines": 100, "num_statements": 122, "percent_covered": 81.9672131147541, "percent_covered_display": "82", "missing_lines": 22, "excluded_lines": 0, "percent_statements_covered": 81.9672131147541, "percent_statements_covered_display": "82"}, "missing_lines": [16, 28, 29, 34, 35, 41, 42, 45, 46, 49, 52, 59, 60, 63, 64, 81, 84, 87, 106, 142, 152, 158], "excluded_lines": [], "functions": {"extract_text_from_epub": {"executed_lines": [15, 18, 19, 20, 21, 22, 23, 24, 25, 26, 27, 30, 31, 32, 33], "summary": {"covered_lines": 15, "num_statements": 20, "percent_covered": 75.0, "percent_covered_display": "75", "missing_lines": 5, "excluded_lines": 0, "percent_statements_covered": 75.0, "percent_statements_covered_display": "75"}, "missing_lines": [16, 28, 29, 34, 35], "excluded_lines": []}, "_locate_opf": {"executed_lines": [39, 40, 43, 44, 47, 48, 50, 51, 53], "summary": {"covered_lines": 9, "num_statements": 15, "percent_covered": 60.0, "percent_covered_display": "60", "missing_lines": 6, "excluded_lines": 0, "percent_statements_covered": 60.0, "percent_statements_covered_display": "60"}, "missing_lines": [41, 42, 45, 46, 49, 52], "excluded_lines": []}, "_spine_items": {"executed_lines": [57, 58, 61, 62, 65, 66, 67, 68, 69, 70, 71, 72, 73, 75, 76, 77, 78, 79, 80, 82, 83, 85, 86, 88, 89, 90, 91], "summary": {"covered_lines": 27, "num_statements": 34, "percent_covered": 79.41176470588235, "percent_covered_display": "79", "missing_lines": 7, "excluded_lines": 0, "percent_statements_covered": 79.41176470588235, "percent_statements_covered_display": "79"}, "missing_lines": [59, 60, 63, 64, 81, 84, 87], "excluded_lines": []}, "_fallback_text_items": {"executed_lines": [95, 96], "summary": {"covered_lines": 2, "num_statements": 2, "percent_covered": 100.0, "percent_covered_display": "100", "missing_lines": 0, "excluded_lines": 0, "percent_statements_covered": 100.0, "percent_statements_covered_display": "100"}, "missing_lines": [], "excluded_lines": []}, "_resolve_href": {"executed_lines": [104, 105, 107], "summary": {"covered_lines": 3, "num_statements": 4, "percent_covered": 75.0, "percent_covered_display": "75", "missing_lines": 1, "excluded_lines": 0, "percent_statements_covered": 75.0, "percent_statements_covered_display": "75"}, "missing_lines": [106], "excluded_lines": []}, "_is_text_media": {"executed_lines": [111], "summary": {"covered_lines": 1, "num_statements": 1, "percent_covered": 100.0, "percent_covered_display": "100", "missing_lines": 0, "excluded_lines": 0, "percent_statements_covered": 100.0, "percent_statements_covered_display": "100"}, "missing_lines": [], "excluded_lines": []}, "_HTMLTextExtractor.__init__": {"executed_lines": [136, 137, 138], "summary": {"covered_lines": 3, "num_statements": 3, "percent_covered": 100.0, "percent_covered_display": "100", "missing_lines": 0, "excluded_lines": 0, "percent_statements_covered": 100.0, "percent_statements_covered_display": "100"}, "missing_lines": [], "excluded_lines": []}, "_HTMLTextExtractor.handle_starttag": {"executed_lines": [141], "summary": {"covered_lines": 1, "num_statements": 2, "percent_covered": 50.0, "percent_covered_display": "50", "missing_lines": 1, "excluded_lines": 0, "percent_statements_covered": 50.0, "percent_statements_covered_display": "50"}, "missing_lines": [142], "excluded_lines": []}, "_HTMLTextExtractor.handle_endtag": {"executed_lines": [145, 146], "summary": {"covered_lines": 2, "num_statements": 2, "percent_covered": 100.0, "percent_covered_display": "100", "missing_lines": 0, "excluded_lines": 0, "percent_statements_covered": 100.0, "percent_statements_covered_display": "100"}, "missing_lines": [], "excluded_lines": []}, "_HTMLTextExtractor.handle_data": {"executed_lines": [149, 150, 151, 153, 154], "summary": {"covered_lines": 5, "num_statements": 6, "percent_covered": 83.33333333333333, "percent_covered_display": "83", "missing_lines": 1, "excluded_lines": 0, "percent_statements_covered": 83.33333333333333, "percent_statements_covered_display": "83"}, "missing_lines": [152], "excluded_lines": []}, "_HTMLTextExtractor._append_newline": {"executed_lines": [157, 159, 160], "summary": {"covered_lines": 3, "num_statements": 4, "percent_covered": 75.0, "percent_covered_display": "75", "missing_lines": 1, "excluded_lines": 0, "percent_statements_covered": 75.0, "percent_statements_covered_display": "75"}, "missing_lines": [158], "excluded_lines": []}, "_HTMLTextExtractor.get_text": {"executed_lines": [163, 164, 165, 166], "summary": {"covered_lines": 4, "num_statements": 4, "percent_covered": 100.0, "percent_covered_display": "100", "missing_lines": 0, "excluded_lines": 0, "percent_statements_covered": 100.0, "percent_statements_covered_display": "100"}, "missing_lines": [], "excluded_lines": []}, "_html_to_text": {"executed_lines": [170, 171, 172, 173], "summary": {"covered_lines": 4, "num_statements": 4, "percent_covered": 100.0, "percent_covered_display": "100", "missing_lines": 0, "excluded_lines": 0, "percent_statements_covered": 100.0, "percent_statements_covered_display": "100"}, "missing_lines": [], "excluded_lines": []}, "": {"executed_lines": [1, 3, 4, 5, 6, 9, 10, 13, 38, 56, 94, 103, 110, 117, 118, 135, 140, 144, 148, 156, 162, 169], "summary": {"covered_lines": 21, "num_statements": 21, "percent_covered": 100.0, "percent_covered_display": "100", "missing_lines": 0, "excluded_lines": 0, "percent_statements_covered": 100.0, "percent_statements_covered_display": "100"}, "missing_lines": [], "excluded_lines": []}}, "classes": {"EPUBParseError": {"executed_lines": [], "summary": {"covered_lines": 0, "num_statements": 0, "percent_covered": 100.0, "percent_covered_display": "100", "missing_lines": 0, "excluded_lines": 0, "percent_statements_covered": 100.0, "percent_statements_covered_display": "100"}, "missing_lines": [], "excluded_lines": []}, "_HTMLTextExtractor": {"executed_lines": [136, 137, 138, 141, 145, 146, 149, 150, 151, 153, 154, 157, 159, 160, 163, 164, 165, 166], "summary": {"covered_lines": 18, "num_statements": 21, "percent_covered": 85.71428571428571, "percent_covered_display": "86", "missing_lines": 3, "excluded_lines": 0, "percent_statements_covered": 85.71428571428571, "percent_statements_covered_display": "86"}, "missing_lines": [142, 152, 158], "excluded_lines": []}, "": {"executed_lines": [1, 3, 4, 5, 6, 9, 10, 13, 15, 18, 19, 20, 21, 22, 23, 24, 25, 26, 27, 30, 31, 32, 33, 38, 39, 40, 43, 44, 47, 48, 50, 51, 53, 56, 57, 58, 61, 62, 65, 66, 67, 68, 69, 70, 71, 72, 73, 75, 76, 77, 78, 79, 80, 82, 83, 85, 86, 88, 89, 90, 91, 94, 95, 96, 103, 104, 105, 107, 110, 111, 117, 118, 135, 140, 144, 148, 156, 162, 169, 170, 171, 172, 173], "summary": {"covered_lines": 82, "num_statements": 101, "percent_covered": 81.18811881188118, "percent_covered_display": "81", "missing_lines": 19, "excluded_lines": 0, "percent_statements_covered": 81.18811881188118, "percent_statements_covered_display": "81"}, "missing_lines": [16, 28, 29, 34, 35, 41, 42, 45, 46, 49, 52, 59, 60, 63, 64, 81, 84, 87, 106], "excluded_lines": []}}}, "src\\lexile_corpus_tuner\\estimators\\__init__.py": {"executed_lines": [1, 3, 5, 6, 7, 9, 12, 21, 23, 24, 25, 31, 33, 34, 43], "summary": {"covered_lines": 14, "num_statements": 18, "percent_covered": 77.77777777777777, "percent_covered_display": "78", "missing_lines": 4, "excluded_lines": 2, "percent_statements_covered": 77.77777777777777, "percent_statements_covered_display": "78"}, "missing_lines": [26, 27, 28, 35], "excluded_lines": [9, 10], "functions": {"create_estimator": {"executed_lines": [23, 24, 25], "summary": {"covered_lines": 3, "num_statements": 6, "percent_covered": 50.0, "percent_covered_display": "50", "missing_lines": 3, "excluded_lines": 0, "percent_statements_covered": 50.0, "percent_statements_covered_display": "50"}, "missing_lines": [26, 27, 28], "excluded_lines": []}, "build_estimator_from_config": {"executed_lines": [33, 34, 43], "summary": {"covered_lines": 3, "num_statements": 4, "percent_covered": 75.0, "percent_covered_display": "75", "missing_lines": 1, "excluded_lines": 0, "percent_statements_covered": 75.0, "percent_statements_covered_display": "75"}, "missing_lines": [35], "excluded_lines": []}, "": {"executed_lines": [1, 3, 5, 6, 7, 9, 12, 21, 31], "summary": {"covered_lines": 8, "num_statements": 8, "percent_covered": 100.0, "percent_covered_display": "100", "missing_lines": 0, "excluded_lines": 2, "percent_statements_covered": 100.0, "percent_statements_covered_display": "100"}, "missing_lines": [], "excluded_lines": [9, 10]}}, "classes": {"": {"executed_lines": [1, 3, 5, 6, 7, 9, 12, 21, 23, 24, 25, 31, 33, 34, 43], "summary": {"covered_lines": 14, "num_statements": 18, "percent_covered": 77.77777777777777, "percent_covered_display": "78", "missing_lines": 4, "excluded_lines": 2, "percent_statements_covered": 77.77777777777777, "percent_statements_covered_display": "78"}, "missing_lines": [26, 27, 28, 35], "excluded_lines": [9, 10]}}}, "src\\lexile_corpus_tuner\\estimators\\base.py": {"executed_lines": [1, 3, 6, 7, 9, 10], "summary": {"covered_lines": 3, "num_statements": 3, "percent_covered": 100.0, "percent_covered_display": "100", "missing_lines": 0, "excluded_lines": 4, "percent_statements_covered": 100.0, "percent_statements_covered_display": "100"}, "missing_lines": [], "excluded_lines": [9, 10, 11, 12], "functions": {"LexileEstimator.predict_scalar": {"executed_lines": [], "summary": {"covered_lines": 0, "num_statements": 0, "percent_covered": 100.0, "percent_covered_display": "100", "missing_lines": 0, "excluded_lines": 2, "percent_statements_covered": 100.0, "percent_statements_covered_display": "100"}, "missing_lines": [], "excluded_lines": [11, 12]}, "": {"executed_lines": [1, 3, 6, 7, 9, 10], "summary": {"covered_lines": 3, "num_statements": 3, "percent_covered": 100.0, "percent_covered_display": "100", "missing_lines": 0, "excluded_lines": 2, "percent_statements_covered": 100.0, "percent_statements_covered_display": "100"}, "missing_lines": [], "excluded_lines": [9, 10]}}, "classes": {"LexileEstimator": {"executed_lines": [], "summary": {"covered_lines": 0, "num_statements": 0, "percent_covered": 100.0, "percent_covered_display": "100", "missing_lines": 0, "excluded_lines": 2, "percent_statements_covered": 100.0, "percent_statements_covered_display": "100"}, "missing_lines": [], "excluded_lines": [11, 12]}, "": {"executed_lines": [1, 3, 6, 7, 9, 10], "summary": {"covered_lines": 3, "num_statements": 3, "percent_covered": 100.0, "percent_covered_display": "100", "missing_lines": 0, "excluded_lines": 2, "percent_statements_covered": 100.0, "percent_statements_covered_display": "100"}, "missing_lines": [], "excluded_lines": [9, 10]}}}, "src\\lexile_corpus_tuner\\estimators\\dummy_estimator.py": {"executed_lines": [1, 3, 4, 6, 8, 9, 12, 13, 19, 20, 21, 24, 25, 26, 31, 32], "summary": {"covered_lines": 15, "num_statements": 16, "percent_covered": 93.75, "percent_covered_display": "94", "missing_lines": 1, "excluded_lines": 0, "percent_statements_covered": 93.75, "percent_statements_covered_display": "94"}, "missing_lines": [22], "excluded_lines": [], "functions": {"DummyLexileEstimator.predict_scalar": {"executed_lines": [20, 21, 24, 25, 26, 31, 32], "summary": {"covered_lines": 7, "num_statements": 8, "percent_covered": 87.5, "percent_covered_display": "88", "missing_lines": 1, "excluded_lines": 0, "percent_statements_covered": 87.5, "percent_statements_covered_display": "88"}, "missing_lines": [22], "excluded_lines": []}, "": {"executed_lines": [1, 3, 4, 6, 8, 9, 12, 13, 19], "summary": {"covered_lines": 8, "num_statements": 8, "percent_covered": 100.0, "percent_covered_display": "100", "missing_lines": 0, "excluded_lines": 0, "percent_statements_covered": 100.0, "percent_statements_covered_display": "100"}, "missing_lines": [], "excluded_lines": []}}, "classes": {"DummyLexileEstimator": {"executed_lines": [20, 21, 24, 25, 26, 31, 32], "summary": {"covered_lines": 7, "num_statements": 8, "percent_covered": 87.5, "percent_covered_display": "88", "missing_lines": 1, "excluded_lines": 0, "percent_statements_covered": 87.5, "percent_statements_covered_display": "88"}, "missing_lines": [22], "excluded_lines": []}, "": {"executed_lines": [1, 3, 4, 6, 8, 9, 12, 13, 19], "summary": {"covered_lines": 8, "num_statements": 8, "percent_covered": 100.0, "percent_covered_display": "100", "missing_lines": 0, "excluded_lines": 0, "percent_statements_covered": 100.0, "percent_statements_covered_display": "100"}, "missing_lines": [], "excluded_lines": []}}}, "src\\lexile_corpus_tuner\\estimators\\lexile_determination_v2_adapter.py": {"executed_lines": [1, 3, 4, 5, 7, 10, 12, 13, 14, 18, 19, 22, 23, 35, 43, 44, 46, 54, 55, 56, 59, 60, 61, 62, 66, 67, 72, 75, 78, 80, 87, 88, 90, 91, 92, 93, 95, 100, 101, 102, 103, 106, 107, 114, 115, 123, 124, 126, 135, 136, 137, 139, 140, 141, 142, 143, 152, 154, 155, 174, 176, 177], "summary": {"covered_lines": 60, "num_statements": 79, "percent_covered": 75.9493670886076, "percent_covered_display": "76", "missing_lines": 19, "excluded_lines": 12, "percent_statements_covered": 75.9493670886076, "percent_statements_covered_display": "76"}, "missing_lines": [47, 63, 64, 104, 109, 116, 119, 120, 121, 122, 145, 146, 147, 149, 164, 170, 171, 185, 186], "excluded_lines": [7, 8, 157, 158, 159, 160, 165, 166, 178, 179, 180, 181], "functions": {"LexileDeterminationV2Estimator.__init__": {"executed_lines": [43, 44, 46, 54, 55, 56, 59, 60, 61, 62, 66, 67, 72, 75, 78], "summary": {"covered_lines": 15, "num_statements": 18, "percent_covered": 83.33333333333333, "percent_covered_display": "83", "missing_lines": 3, "excluded_lines": 0, "percent_statements_covered": 83.33333333333333, "percent_statements_covered_display": "83"}, "missing_lines": [47, 63, 64], "excluded_lines": []}, "LexileDeterminationV2Estimator.predict_scalar": {"executed_lines": [87, 88, 90, 91, 92, 93], "summary": {"covered_lines": 6, "num_statements": 6, "percent_covered": 100.0, "percent_covered_display": "100", "missing_lines": 0, "excluded_lines": 0, "percent_statements_covered": 100.0, "percent_statements_covered_display": "100"}, "missing_lines": [], "excluded_lines": []}, "LexileDeterminationV2Estimator._index_to_label": {"executed_lines": [100, 101, 102, 103, 106, 107], "summary": {"covered_lines": 6, "num_statements": 8, "percent_covered": 75.0, "percent_covered_display": "75", "missing_lines": 2, "excluded_lines": 0, "percent_statements_covered": 75.0, "percent_statements_covered_display": "75"}, "missing_lines": [104, 109], "excluded_lines": []}, "LexileDeterminationV2Estimator._preprocess_text": {"executed_lines": [115, 123, 124], "summary": {"covered_lines": 3, "num_statements": 8, "percent_covered": 37.5, "percent_covered_display": "38", "missing_lines": 5, "excluded_lines": 0, "percent_statements_covered": 37.5, "percent_statements_covered_display": "38"}, "missing_lines": [116, 119, 120, 121, 122], "excluded_lines": []}, "LexileDeterminationV2Estimator._label_to_numeric_lexile": {"executed_lines": [135, 136, 137, 139, 140, 141, 142, 143], "summary": {"covered_lines": 8, "num_statements": 12, "percent_covered": 66.66666666666667, "percent_covered_display": "67", "missing_lines": 4, "excluded_lines": 0, "percent_statements_covered": 66.66666666666667, "percent_statements_covered_display": "67"}, "missing_lines": [145, 146, 147, 149], "excluded_lines": []}, "_ensure_tensorflow": {"executed_lines": [154, 155], "summary": {"covered_lines": 2, "num_statements": 5, "percent_covered": 40.0, "percent_covered_display": "40", "missing_lines": 3, "excluded_lines": 6, "percent_statements_covered": 40.0, "percent_statements_covered_display": "40"}, "missing_lines": [164, 170, 171], "excluded_lines": [157, 158, 159, 160, 165, 166]}, "_ensure_joblib": {"executed_lines": [176, 177], "summary": {"covered_lines": 2, "num_statements": 4, "percent_covered": 50.0, "percent_covered_display": "50", "missing_lines": 2, "excluded_lines": 4, "percent_statements_covered": 50.0, "percent_statements_covered_display": "50"}, "missing_lines": [185, 186], "excluded_lines": [178, 179, 180, 181]}, "": {"executed_lines": [1, 3, 4, 5, 7, 10, 12, 13, 14, 18, 19, 22, 23, 35, 80, 95, 114, 126, 152, 174], "summary": {"covered_lines": 18, "num_statements": 18, "percent_covered": 100.0, "percent_covered_display": "100", "missing_lines": 0, "excluded_lines": 2, "percent_statements_covered": 100.0, "percent_statements_covered_display": "100"}, "missing_lines": [], "excluded_lines": [7, 8]}}, "classes": {"LexileDeterminationV2Estimator": {"executed_lines": [43, 44, 46, 54, 55, 56, 59, 60, 61, 62, 66, 67, 72, 75, 78, 87, 88, 90, 91, 92, 93, 100, 101, 102, 103, 106, 107, 115, 123, 124, 135, 136, 137, 139, 140, 141, 142, 143], "summary": {"covered_lines": 38, "num_statements": 52, "percent_covered": 73.07692307692308, "percent_covered_display": "73", "missing_lines": 14, "excluded_lines": 0, "percent_statements_covered": 73.07692307692308, "percent_statements_covered_display": "73"}, "missing_lines": [47, 63, 64, 104, 109, 116, 119, 120, 121, 122, 145, 146, 147, 149], "excluded_lines": []}, "": {"executed_lines": [1, 3, 4, 5, 7, 10, 12, 13, 14, 18, 19, 22, 23, 35, 80, 95, 114, 126, 152, 154, 155, 174, 176, 177], "summary": {"covered_lines": 22, "num_statements": 27, "percent_covered": 81.48148148148148, "percent_covered_display": "81", "missing_lines": 5, "excluded_lines": 12, "percent_statements_covered": 81.48148148148148, "percent_statements_covered_display": "81"}, "missing_lines": [164, 170, 171, 185, 186], "excluded_lines": [7, 8, 157, 158, 159, 160, 165, 166, 178, 179, 180, 181]}}}, "src\\lexile_corpus_tuner\\estimators\\lexile_v2_preprocessing.py": {"executed_lines": [1, 3, 4, 5, 6, 7, 9, 12, 13, 24, 38, 52, 57, 75, 91], "summary": {"covered_lines": 14, "num_statements": 62, "percent_covered": 22.580645161290324, "percent_covered_display": "23", "missing_lines": 48, "excluded_lines": 4, "percent_statements_covered": 22.580645161290324, "percent_statements_covered_display": "23"}, "missing_lines": [26, 27, 28, 29, 30, 31, 32, 33, 34, 35, 48, 49, 53, 54, 58, 59, 60, 61, 62, 63, 64, 67, 68, 69, 71, 72, 76, 77, 78, 79, 80, 81, 82, 83, 84, 85, 87, 88, 98, 99, 100, 101, 107, 108, 109, 110, 111, 117], "excluded_lines": 
[...]
": {"covered_lines": 0, "num_statements": 0, "percent_covered": 100.0, "percent_covered_display": "100", "missing_lines": 0, "excluded_lines": 0, "percent_statements_covered": 100.0, "percent_statements_covered_display": "100"}, "missing_lines": [], "excluded_lines": []}, "Token": {"executed_lines": [], "summary": {"covered_lines": 0, "num_statements": 0, "percent_covered": 100.0, "percent_covered_display": "100", "missing_lines": 0, "excluded_lines": 0, "percent_statements_covered": 100.0, "percent_statements_covered_display": "100"}, "missing_lines": [], "excluded_lines": []}, "Window": {"executed_lines": [], "summary": {"covered_lines": 0, "num_statements": 0, "percent_covered": 100.0, "percent_covered_display": "100", "missing_lines": 0, "excluded_lines": 0, "percent_statements_covered": 100.0, "percent_statements_covered_display": "100"}, "missing_lines": [], "excluded_lines": []}, "WindowScore": {"executed_lines": [], "summary": {"covered_lines": 0, "num_statements": 0, "percent_covered": 100.0, "percent_covered_display": "100", "missing_lines": 0, "excluded_lines": 0, "percent_statements_covered": 100.0, "percent_statements_covered_display": "100"}, "missing_lines": [], "excluded_lines": []}, "DocumentLexileStats": {"executed_lines": [], "summary": {"covered_lines": 0, "num_statements": 0, "percent_covered": 100.0, "percent_covered_display": "100", "missing_lines": 0, "excluded_lines": 0, "percent_statements_covered": 100.0, "percent_statements_covered_display": "100"}, "missing_lines": [], "excluded_lines": []}, "ConstraintViolation": {"executed_lines": [], "summary": {"covered_lines": 0, "num_statements": 0, "percent_covered": 100.0, "percent_covered_display": "100", "missing_lines": 0, "excluded_lines": 0, "percent_statements_covered": 100.0, "percent_statements_covered_display": "100"}, "missing_lines": [], "excluded_lines": []}, "": {"executed_lines": [1, 3, 6, 7, 8, 10, 11, 14, 15, 16, 18, 19, 20, 23, 24, 25, 27, 28, 29, 30, 31, 34, 35, 36, 38, 39, 42, 43, 44, 46, 47, 48, 49, 52, 53, 54, 56, 57, 58, 59, 60, 61], "summary": {"covered_lines": 36, "num_statements": 36, "percent_covered": 100.0, "percent_covered_display": "100", "missing_lines": 0, "excluded_lines": 0, "percent_statements_covered": 100.0, "percent_statements_covered_display": "100"}, "missing_lines": [], "excluded_lines": []}}}, "src\\lexile_corpus_tuner\\pipeline.py": {"executed_lines": [1, 3, 4, 6, 7, 15, 16, 17, 18, 20, 25, 32, 33, 36, 37, 39, 40, 41, 42, 43, 44, 47, 51, 52, 53, 55, 56, 58, 62, 63, 64, 66, 67, 79, 80, 85, 88, 95, 98, 99, 102, 105, 107, 109, 110, 111, 114, 118, 120, 121, 122, 123, 124, 127, 130, 134, 135, 136, 137], "summary": {"covered_lines": 58, "num_statements": 63, "percent_covered": 92.06349206349206, "percent_covered_display": "92", "missing_lines": 5, "excluded_lines": 3, "percent_statements_covered": 92.06349206349206, "percent_statements_covered_display": "92"}, "missing_lines": [65, 108, 119, 131, 138], "excluded_lines": [20, 21, 22], "functions": {"process_document": {"executed_lines": [32, 33, 36, 37, 39, 40, 41, 42, 43, 44, 47, 51, 52, 53, 55, 56, 58, 62, 63, 64, 66, 67, 79, 80, 85], "summary": {"covered_lines": 25, "num_statements": 26, "percent_covered": 96.15384615384616, "percent_covered_display": "96", "missing_lines": 1, "excluded_lines": 0, "percent_statements_covered": 96.15384615384616, "percent_statements_covered_display": "96"}, "missing_lines": [65], "excluded_lines": []}, "process_corpus": {"executed_lines": [95, 98, 99, 102], "summary": {"covered_lines": 4, "num_statements": 4, "percent_covered": 100.0, "percent_covered_display": "100", "missing_lines": 0, "excluded_lines": 0, "percent_statements_covered": 100.0, "percent_statements_covered_display": "100"}, "missing_lines": [], "excluded_lines": []}, "get_window_span_text": {"executed_lines": [107, 109, 110, 111], "summary": {"covered_lines": 4, "num_statements": 5, "percent_covered": 80.0, "percent_covered_display": "80", "missing_lines": 1, "excluded_lines": 0, "percent_statements_covered": 80.0, "percent_statements_covered_display": "80"}, "missing_lines": [108], "excluded_lines": []}, "replace_window_span": {"executed_lines": [118, 120, 121, 122, 123, 124], "summary": {"covered_lines": 6, "num_statements": 7, "percent_covered": 85.71428571428571, "percent_covered_display": "86", "missing_lines": 1, "excluded_lines": 0, "percent_statements_covered": 85.71428571428571, "percent_statements_covered_display": "86"}, "missing_lines": [119], "excluded_lines": []}, "_build_document_stats": {"executed_lines": [130, 134, 135, 136, 137], "summary": {"covered_lines": 5, "num_statements": 7, "percent_covered": 71.42857142857143, "percent_covered_display": "71", "missing_lines": 2, "excluded_lines": 0, "percent_statements_covered": 71.42857142857143, "percent_statements_covered_display": "71"}, "missing_lines": [131, 138], "excluded_lines": []}, "": {"executed_lines": [1, 3, 4, 6, 7, 15, 16, 17, 18, 20, 25, 88, 105, 114, 127], "summary": {"covered_lines": 14, "num_statements": 14, "percent_covered": 100.0, "percent_covered_display": "100", "missing_lines": 0, "excluded_lines": 3, "percent_statements_covered": 100.0, "percent_statements_covered_display": "100"}, "missing_lines": [], "excluded_lines": [20, 21, 22]}}, "classes": {"": {"executed_lines": [1, 3, 4, 6, 7, 15, 16, 17, 18, 20, 25, 32, 33, 36, 37, 39, 40, 41, 42, 43, 44, 47, 51, 52, 53, 55, 56, 58, 62, 63, 64, 66, 67, 79, 80, 85, 88, 95, 98, 99, 102, 105, 107, 109, 110, 111, 114, 118, 120, 121, 122, 123, 124, 127, 130, 134, 135, 136, 137], "summary": {"covered_lines": 58, "num_statements": 63, "percent_covered": 92.06349206349206, "percent_covered_display": "92", "missing_lines": 5, "excluded_lines": 3, "percent_statements_covered": 92.06349206349206, "percent_statements_covered_display": "92"}, "missing_lines": [65, 108, 119, 131, 138], "excluded_lines": [20, 21, 22]}}}, "src\\lexile_corpus_tuner\\pipeline_entry.py": {"executed_lines": [], "summary": {"covered_lines": 0, "num_statements": 1, "percent_covered": 0.0, "percent_covered_display": "0", "missing_lines": 1, "excluded_lines": 2, "percent_statements_covered": 0.0, "percent_statements_covered_display": "0"}, "missing_lines": [1], "excluded_lines": [3, 4], "functions": {"": {"executed_lines": [], "summary": {"covered_lines": 0, "num_statements": 1, "percent_covered": 0.0, "percent_covered_display": "0", "missing_lines": 1, "excluded_lines": 2, "percent_statements_covered": 0.0, "percent_statements_covered_display": "0"}, "missing_lines": [1], "excluded_lines": [3, 4]}}, "classes": {"": {"executed_lines": [], "summary": {"covered_lines": 0, "num_statements": 1, "percent_covered": 0.0, "percent_covered_display": "0", "missing_lines": 1, "excluded_lines": 2, "percent_statements_covered": 0.0, "percent_statements_covered_display": "0"}, "missing_lines": [1], "excluded_lines": [3, 4]}}}, "src\\lexile_corpus_tuner\\rewriting.py": {"executed_lines": [1, 3, 4, 5, 6, 8, 10, 15, 17, 31, 52, 57, 58, 59, 61, 62, 63, 64, 65, 66, 69, 70, 72, 73, 78, 79, 81, 85, 86, 88, 91, 95, 96, 98, 105, 106, 107, 109, 110, 111, 112, 117, 118, 119, 120, 121, 124, 127, 143, 151, 158, 163], "summary": {"covered_lines": 44, "num_statements": 48, "percent_covered": 91.66666666666667, "percent_covered_display": "92", "missing_lines": 4, "excluded_lines": 7, "percent_statements_covered": 91.66666666666667, "percent_statements_covered_display": "92"}, "missing_lines": [54, 82, 89, 92], "excluded_lines": [10, 11, 13, 72, 73, 74, 75], "functions": {"_default_metadata": {"executed_lines": [], "summary": {"covered_lines": 0, "num_statements": 1, "percent_covered": 0.0, "percent_covered_display": "0", "missing_lines": 1, "excluded_lines": 0, "percent_statements_covered": 0.0, "percent_statements_covered_display": "0"}, "missing_lines": [54], "excluded_lines": []}, "Rewriter.rewrite": {"executed_lines": [], "summary": {"covered_lines": 0, "num_statements": 0, "percent_covered": 100.0, "percent_covered_display": "100", "missing_lines": 0, "excluded_lines": 2, "percent_statements_covered": 100.0, "percent_statements_covered_display": "100"}, "missing_lines": [], "excluded_lines": [74, 75]}, "NoOpRewriter.rewrite": {"executed_lines": [], "summary": {"covered_lines": 0, "num_statements": 1, "percent_covered": 0.0, "percent_covered_display": "0", "missing_lines": 1, "excluded_lines": 0, "percent_statements_covered": 0.0, "percent_statements_covered_display": "0"}, "missing_lines": [82], "excluded_lines": []}, "CallableRewriter.__init__": {"executed_lines": [], "summary": {"covered_lines": 0, "num_statements": 1, "percent_covered": 0.0, "percent_covered_display": "0", "missing_lines": 1, "excluded_lines": 0, "percent_statements_covered": 0.0, "percent_statements_covered_display": "0"}, "missing_lines": [89], "excluded_lines": []}, "CallableRewriter.rewrite": {"executed_lines": [], "summary": {"covered_lines": 0, "num_statements": 1, "percent_covered": 0.0, "percent_covered_display": "0", "missing_lines": 1, "excluded_lines": 0, "percent_statements_covered": 0.0, "percent_statements_covered_display": "0"}, "missing_lines": [92], "excluded_lines": []}, "OpenAIRewriter.__init__": {"executed_lines": [105, 106, 107], "summary": {"covered_lines": 3, "num_statements": 3, "percent_covered": 100.0, "percent_covered_display": "100", "missing_lines": 0, "excluded_lines": 0, "percent_statements_covered": 100.0, "percent_statements_covered_display": "100"}, "missing_lines": [], "excluded_lines": []}, "OpenAIRewriter.rewrite": {"executed_lines": [110, 111, 112, 117, 118, 119, 120, 121, 124, 127, 143, 151, 158, 163], "summary": {"covered_lines": 14, "num_statements": 14, "percent_covered": 100.0, "percent_covered_display": "100", "missing_lines": 0, "excluded_lines": 0, "percent_statements_covered": 100.0, "percent_statements_covered_display": "100"}, "missing_lines": [], "excluded_lines": []}, "": {"executed_lines": [1, 3, 4, 5, 6, 8, 10, 15, 17, 31, 52, 57, 58, 59, 61, 62, 63, 64, 65, 66, 69, 70, 72, 73, 78, 79, 81, 85, 86, 88, 91, 95, 96, 98, 109], "summary": {"covered_lines": 27, "num_statements": 27, "percent_covered": 100.0, "percent_covered_display": "100", "missing_lines": 0, "excluded_lines": 5, "percent_statements_covered": 100.0, "percent_statements_covered_display": "100"}, "missing_lines": [], "excluded_lines": [10, 11, 13, 72, 73]}}, "classes": {"RewriteRequest": {"executed_lines": [], "summary": {"covered_lines": 0, "num_statements": 0, "percent_covered": 100.0, "percent_covered_display": "100", "missing_lines": 0, "excluded_lines": 0, "percent_statements_covered": 100.0, "percent_statements_covered_display": "100"}, "missing_lines": [], "excluded_lines": []}, "Rewriter": {"executed_lines": [], "summary": {"covered_lines": 0, "num_statements": 0, "percent_covered": 100.0, "percent_covered_display": "100", "missing_lines": 0, "excluded_lines": 2, "percent_statements_covered": 100.0, "percent_statements_covered_display": "100"}, "missing_lines": [], "excluded_lines": [74, 75]}, "NoOpRewriter": {"executed_lines": [], "summary": {"covered_lines": 0, "num_statements": 1, "percent_covered": 0.0, "percent_covered_display": "0", "missing_lines": 1, "excluded_lines": 0, "percent_statements_covered": 0.0, "percent_statements_covered_display": "0"}, "missing_lines": [82], "excluded_lines": []}, "CallableRewriter": {"executed_lines": [], "summary": {"covered_lines": 0, "num_statements": 2, "percent_covered": 0.0, "percent_covered_display": "0", "missing_lines": 2, "excluded_lines": 0, "percent_statements_covered": 0.0, "percent_statements_covered_display": "0"}, "missing_lines": [89, 92], "excluded_lines": []}, "OpenAIRewriter": {"executed_lines": [105, 106, 107, 110, 111, 112, 117, 118, 119, 120, 121, 124, 127, 143, 151, 158, 163], "summary": {"covered_lines": 17, "num_statements": 17, "percent_covered": 100.0, "percent_covered_display": "100", "missing_lines": 0, "excluded_lines": 0, "percent_statements_covered": 100.0, "percent_statements_covered_display": "100"}, "missing_lines": [], "excluded_lines": []}, "": {"executed_lines": [1, 3, 4, 5, 6, 8, 10, 15, 17, 31, 52, 57, 58, 59, 61, 62, 63, 64, 65, 66, 69, 70, 72, 73, 78, 79, 81, 85, 86, 88, 91, 95, 96, 98, 109], "summary": {"covered_lines": 27, "num_statements": 28, "percent_covered": 96.42857142857143, "percent_covered_display": "96", "missing_lines": 1, "excluded_lines": 5, "percent_statements_covered": 96.42857142857143, "percent_statements_covered_display": "96"}, "missing_lines": [54], "excluded_lines": [10, 11, 13, 72, 73]}}}, "src\\lexile_corpus_tuner\\scoring.py": {"executed_lines": [1, 3, 4, 6, 8, 12, 16, 17, 18, 19, 20, 23, 30, 33, 34, 35, 36, 38, 39, 40, 41, 42, 44, 47, 51, 52, 53, 55, 56, 57, 58, 59, 68], "summary": {"covered_lines": 32, "num_statements": 33, "percent_covered": 96.96969696969697, "percent_covered_display": "97", "missing_lines": 1, "excluded_lines": 2, "percent_statements_covered": 96.96969696969697, "percent_statements_covered_display": "97"}, "missing_lines": [31], "excluded_lines": [8, 9], "functions": {"score_windows": {"executed_lines": [16, 17, 18, 19, 20], "summary": {"covered_lines": 5, "num_statements": 5, "percent_covered": 100.0, "percent_covered_display": "100", "missing_lines": 0, "excluded_lines": 0, "percent_statements_covered": 100.0, "percent_statements_covered_display": "100"}, "missing_lines": [], "excluded_lines": []}, "smooth_window_lexiles": {"executed_lines": [30, 33, 34, 35, 36, 38, 39, 40, 41, 42, 44], "summary": {"covered_lines": 11, "num_statements": 12, "percent_covered": 91.66666666666667, "percent_covered_display": "92", "missing_lines": 1, "excluded_lines": 0, "percent_statements_covered": 91.66666666666667, "percent_statements_covered_display": "92"}, "missing_lines": [31], "excluded_lines": []}, "compute_document_stats": {"executed_lines": [51, 52, 53, 55, 56, 57, 58, 59, 68], "summary": {"covered_lines": 9, "num_statements": 9, "percent_covered": 100.0, "percent_covered_display": "100", "missing_lines": 0, "excluded_lines": 0, "percent_statements_covered": 100.0, "percent_statements_covered_display": "100"}, "missing_lines": [], "excluded_lines": []}, "": {"executed_lines": [1, 3, 4, 6, 8, 12, 23, 47], "summary": {"covered_lines": 7, "num_statements": 7, "percent_covered": 100.0, "percent_covered_display": "100", "missing_lines": 0, "excluded_lines": 2, "percent_statements_covered": 100.0, "percent_statements_covered_display": "100"}, "missing_lines": [], "excluded_lines": [8, 9]}}, "classes": {"": {"executed_lines": [1, 3, 4, 6, 8, 12, 16, 17, 18, 19, 20, 23, 30, 33, 34, 35, 36, 38, 39, 40, 41, 42, 44, 47, 51, 52, 53, 55, 56, 57, 58, 59, 68], "summary": {"covered_lines": 32, "num_statements": 33, "percent_covered": 96.96969696969697, "percent_covered_display": "97", "missing_lines": 1, "excluded_lines": 2, "percent_statements_covered": 96.96969696969697, "percent_statements_covered_display": "97"}, "missing_lines": [31], "excluded_lines": [8, 9]}}}, "src\\lexile_corpus_tuner\\textutils.py": {"executed_lines": [1, 3, 4, 5, 7, 10, 13, 23], "summary": {"covered_lines": 7, "num_statements": 16, "percent_covered": 43.75, "percent_covered_display": "44", "missing_lines": 9, "excluded_lines": 2, "percent_statements_covered": 43.75, "percent_statements_covered_display": "44"}, "missing_lines": [15, 16, 17, 18, 19, 20, 25, 26, 27], "excluded_lines": [7, 8], "functions": {"normalize_text": {"executed_lines": [], "summary": {"covered_lines": 0, "num_statements": 6, "percent_covered": 0.0, "percent_covered_display": "0", "missing_lines": 6, "excluded_lines": 0, "percent_statements_covered": 0.0, "percent_statements_covered_display": "0"}, "missing_lines": [15, 16, 17, 18, 19, 20], "excluded_lines": []}, "iter_tokens": {"executed_lines": [], "summary": {"covered_lines": 0, "num_statements": 3, "percent_covered": 0.0, "percent_covered_display": "0", "missing_lines": 3, "excluded_lines": 0, "percent_statements_covered": 0.0, "percent_statements_covered_display": "0"}, "missing_lines": [25, 26, 27], "excluded_lines": []}, "": {"executed_lines": [1, 3, 4, 5, 7, 10, 13, 23], "summary": {"covered_lines": 7, "num_statements": 7, "percent_covered": 100.0, "percent_covered_display": "100", "missing_lines": 0, "excluded_lines": 2, "percent_statements_covered": 100.0, "percent_statements_covered_display": "100"}, "missing_lines": [], "excluded_lines": [7, 8]}}, "classes": {"": {"executed_lines": [1, 3, 4, 5, 7, 10, 13, 23], "summary": {"covered_lines": 7, "num_statements": 16, "percent_covered": 43.75, "percent_covered_display": "44", "missing_lines": 9, "excluded_lines": 2, "percent_statements_covered": 43.75, "percent_statements_covered_display": "44"}, "missing_lines": [15, 16, 17, 18, 19, 20, 25, 26, 27], "excluded_lines": [7, 8]}}}, "src\\lexile_corpus_tuner\\tokenization.py": {"executed_lines": [1, 3, 5, 7, 10, 12, 13, 14, 17], "summary": {"covered_lines": 9, "num_statements": 9, "percent_covered": 100.0, "percent_covered_display": "100", "missing_lines": 0, "excluded_lines": 0, "percent_statements_covered": 100.0, "percent_statements_covered_display": "100"}, "missing_lines": [], "excluded_lines": [], "functions": {"tokenize_words": {"executed_lines": [12, 13, 14, 17], "summary": {"covered_lines": 4, "num_statements": 4, "percent_covered": 100.0, "percent_covered_display": "100", "missing_lines": 0, "excluded_lines": 0, "percent_statements_covered": 100.0, "percent_statements_covered_display": "100"}, "missing_lines": [], "excluded_lines": []}, "": {"executed_lines": [1, 3, 5, 7, 10], "summary": {"covered_lines": 5, "num_statements": 5, "percent_covered": 100.0, "percent_covered_display": "100", "missing_lines": 0, "excluded_lines": 0, "percent_statements_covered": 100.0, "percent_statements_covered_display": "100"}, "missing_lines": [], "excluded_lines": []}}, "classes": {"": {"executed_lines": [1, 3, 5, 7, 10, 12, 13, 14, 17], "summary": {"covered_lines": 9, "num_statements": 9, "percent_covered": 100.0, "percent_covered_display": "100", "missing_lines": 0, "excluded_lines": 0, "percent_statements_covered": 100.0, "percent_statements_covered_display": "100"}, "missing_lines": [], "excluded_lines": []}}}, "src\\lexile_corpus_tuner\\windowing.py": {"executed_lines": [1, 3, 6, 13, 16, 17, 18, 19, 21, 22, 23, 24, 25, 26, 35, 36, 37, 38, 40], "summary": {"covered_lines": 19, "num_statements": 20, "percent_covered": 95.0, "percent_covered_display": "95", "missing_lines": 1, "excluded_lines": 0, "percent_statements_covered": 95.0, "percent_statements_covered_display": "95"}, "missing_lines": [14], "excluded_lines": [], "functions": {"create_windows": {"executed_lines": [13, 16, 17, 18, 19, 21, 22, 23, 24, 25, 26, 35, 36, 37, 38, 40], "summary": {"covered_lines": 16, "num_statements": 17, "percent_covered": 94.11764705882354, "percent_covered_display": "94", "missing_lines": 1, "excluded_lines": 0, "percent_statements_covered": 94.11764705882354, "percent_statements_covered_display": "94"}, "missing_lines": [14], "excluded_lines": []}, "": {"executed_lines": [1, 3, 6], "summary": {"covered_lines": 3, "num_statements": 3, "percent_covered": 100.0, "percent_covered_display": "100", "missing_lines": 0, "excluded_lines": 0, "percent_statements_covered": 100.0, "percent_statements_covered_display": "100"}, "missing_lines": [], "excluded_lines": []}}, "classes": {"": {"executed_lines": [1, 3, 6, 13, 16, 17, 18, 19, 21, 22, 23, 24, 25, 26, 35, 36, 37, 38, 40], "summary": {"covered_lines": 19, "num_statements": 20, "percent_covered": 95.0, "percent_covered_display": "95", "missing_lines": 1, "excluded_lines": 0, "percent_statements_covered": 95.0, "percent_statements_covered_display": "95"}, "missing_lines": [14], "excluded_lines": []}}}}, "totals": {"covered_lines": 955, "num_statements": 1752, "percent_covered": 54.509132420091326, "percent_covered_display": "55", "missing_lines": 797, "excluded_lines": 70, "percent_statements_covered": 54.509132420091326, "percent_statements_covered_display": "55"}}






